{"C:\\Users\\manas\\.antigravity\\my project ant 1\\pathwise-ai\\src\\careerData.js": {"path":"C:\\Users\\manas\\.antigravity\\my project ant 1\\pathwise-ai\\src\\careerData.js","all":false,"statementMap":{"0":{"start":{"line":1,"column":0},"end":{"line":1,"column":25}},"1":{"start":{"line":2,"column":0},"end":{"line":2,"column":11}},"2":{"start":{"line":3,"column":0},"end":{"line":3,"column":15}},"3":{"start":{"line":4,"column":0},"end":{"line":4,"column":31}},"4":{"start":{"line":5,"column":0},"end":{"line":5,"column":16}},"5":{"start":{"line":6,"column":0},"end":{"line":6,"column":178}},"6":{"start":{"line":7,"column":0},"end":{"line":7,"column":123}},"7":{"start":{"line":8,"column":0},"end":{"line":8,"column":13}},"8":{"start":{"line":9,"column":0},"end":{"line":9,"column":56}},"9":{"start":{"line":10,"column":0},"end":{"line":10,"column":49}},"10":{"start":{"line":11,"column":0},"end":{"line":11,"column":50}},"11":{"start":{"line":12,"column":0},"end":{"line":12,"column":8}},"12":{"start":{"line":13,"column":0},"end":{"line":13,"column":16}},"13":{"start":{"line":14,"column":0},"end":{"line":14,"column":96}},"14":{"start":{"line":15,"column":0},"end":{"line":15,"column":89}},"15":{"start":{"line":16,"column":0},"end":{"line":16,"column":81}},"16":{"start":{"line":17,"column":0},"end":{"line":17,"column":78}},"17":{"start":{"line":18,"column":0},"end":{"line":18,"column":76}},"18":{"start":{"line":19,"column":0},"end":{"line":19,"column":7}},"19":{"start":{"line":20,"column":0},"end":{"line":20,"column":6}},"20":{"start":{"line":21,"column":0},"end":{"line":21,"column":19}},"21":{"start":{"line":22,"column":0},"end":{"line":22,"column":33}},"22":{"start":{"line":23,"column":0},"end":{"line":23,"column":16}},"23":{"start":{"line":24,"column":0},"end":{"line":24,"column":163}},"24":{"start":{"line":25,"column":0},"end":{"line":25,"column":122}},"25":{"start":{"line":26,"column":0},"end":{"line":26,"column":13}},"26":{"start":{"line":27,"column":0},"end":{"line":27,"column":56}},"27":{"start":{"line":28,"column":0},"end":{"line":28,"column":45}},"28":{"start":{"line":29,"column":0},"end":{"line":29,"column":45}},"29":{"start":{"line":30,"column":0},"end":{"line":30,"column":8}},"30":{"start":{"line":31,"column":0},"end":{"line":31,"column":16}},"31":{"start":{"line":32,"column":0},"end":{"line":32,"column":90}},"32":{"start":{"line":33,"column":0},"end":{"line":33,"column":79}},"33":{"start":{"line":34,"column":0},"end":{"line":34,"column":86}},"34":{"start":{"line":35,"column":0},"end":{"line":35,"column":82}},"35":{"start":{"line":36,"column":0},"end":{"line":36,"column":67}},"36":{"start":{"line":37,"column":0},"end":{"line":37,"column":7}},"37":{"start":{"line":38,"column":0},"end":{"line":38,"column":6}},"38":{"start":{"line":39,"column":0},"end":{"line":39,"column":15}},"39":{"start":{"line":40,"column":0},"end":{"line":40,"column":32}},"40":{"start":{"line":41,"column":0},"end":{"line":41,"column":16}},"41":{"start":{"line":42,"column":0},"end":{"line":42,"column":168}},"42":{"start":{"line":43,"column":0},"end":{"line":43,"column":141}},"43":{"start":{"line":44,"column":0},"end":{"line":44,"column":13}},"44":{"start":{"line":45,"column":0},"end":{"line":45,"column":52}},"45":{"start":{"line":46,"column":0},"end":{"line":46,"column":51}},"46":{"start":{"line":47,"column":0},"end":{"line":47,"column":55}},"47":{"start":{"line":48,"column":0},"end":{"line":48,"column":8}},"48":{"start":{"line":49,"column":0},"end":{"line":49,"column":16}},"49":{"start":{"line":50,"column":0},"end":{"line":50,"column":101}},"50":{"start":{"line":51,"column":0},"end":{"line":51,"column":82}},"51":{"start":{"line":52,"column":0},"end":{"line":52,"column":85}},"52":{"start":{"line":53,"column":0},"end":{"line":53,"column":79}},"53":{"start":{"line":54,"column":0},"end":{"line":54,"column":90}},"54":{"start":{"line":55,"column":0},"end":{"line":55,"column":7}},"55":{"start":{"line":56,"column":0},"end":{"line":56,"column":5}},"56":{"start":{"line":57,"column":0},"end":{"line":57,"column":4}},"57":{"start":{"line":58,"column":0},"end":{"line":58,"column":11}},"58":{"start":{"line":59,"column":0},"end":{"line":59,"column":15}},"59":{"start":{"line":60,"column":0},"end":{"line":60,"column":35}},"60":{"start":{"line":61,"column":0},"end":{"line":61,"column":16}},"61":{"start":{"line":62,"column":0},"end":{"line":62,"column":162}},"62":{"start":{"line":63,"column":0},"end":{"line":63,"column":89}},"63":{"start":{"line":64,"column":0},"end":{"line":64,"column":13}},"64":{"start":{"line":65,"column":0},"end":{"line":65,"column":52}},"65":{"start":{"line":66,"column":0},"end":{"line":66,"column":53}},"66":{"start":{"line":67,"column":0},"end":{"line":67,"column":41}},"67":{"start":{"line":68,"column":0},"end":{"line":68,"column":8}},"68":{"start":{"line":69,"column":0},"end":{"line":69,"column":16}},"69":{"start":{"line":70,"column":0},"end":{"line":70,"column":105}},"70":{"start":{"line":71,"column":0},"end":{"line":71,"column":76}},"71":{"start":{"line":72,"column":0},"end":{"line":72,"column":87}},"72":{"start":{"line":73,"column":0},"end":{"line":73,"column":72}},"73":{"start":{"line":74,"column":0},"end":{"line":74,"column":70}},"74":{"start":{"line":75,"column":0},"end":{"line":75,"column":7}},"75":{"start":{"line":76,"column":0},"end":{"line":76,"column":6}},"76":{"start":{"line":77,"column":0},"end":{"line":77,"column":19}},"77":{"start":{"line":78,"column":0},"end":{"line":78,"column":36}},"78":{"start":{"line":79,"column":0},"end":{"line":79,"column":16}},"79":{"start":{"line":80,"column":0},"end":{"line":80,"column":156}},"80":{"start":{"line":81,"column":0},"end":{"line":81,"column":95}},"81":{"start":{"line":82,"column":0},"end":{"line":82,"column":13}},"82":{"start":{"line":83,"column":0},"end":{"line":83,"column":48}},"83":{"start":{"line":84,"column":0},"end":{"line":84,"column":49}},"84":{"start":{"line":85,"column":0},"end":{"line":85,"column":40}},"85":{"start":{"line":86,"column":0},"end":{"line":86,"column":8}},"86":{"start":{"line":87,"column":0},"end":{"line":87,"column":16}},"87":{"start":{"line":88,"column":0},"end":{"line":88,"column":87}},"88":{"start":{"line":89,"column":0},"end":{"line":89,"column":80}},"89":{"start":{"line":90,"column":0},"end":{"line":90,"column":80}},"90":{"start":{"line":91,"column":0},"end":{"line":91,"column":82}},"91":{"start":{"line":92,"column":0},"end":{"line":92,"column":76}},"92":{"start":{"line":93,"column":0},"end":{"line":93,"column":7}},"93":{"start":{"line":94,"column":0},"end":{"line":94,"column":6}},"94":{"start":{"line":95,"column":0},"end":{"line":95,"column":15}},"95":{"start":{"line":96,"column":0},"end":{"line":96,"column":40}},"96":{"start":{"line":97,"column":0},"end":{"line":97,"column":16}},"97":{"start":{"line":98,"column":0},"end":{"line":98,"column":146}},"98":{"start":{"line":99,"column":0},"end":{"line":99,"column":145}},"99":{"start":{"line":100,"column":0},"end":{"line":100,"column":13}},"100":{"start":{"line":101,"column":0},"end":{"line":101,"column":55}},"101":{"start":{"line":102,"column":0},"end":{"line":102,"column":47}},"102":{"start":{"line":103,"column":0},"end":{"line":103,"column":52}},"103":{"start":{"line":104,"column":0},"end":{"line":104,"column":8}},"104":{"start":{"line":105,"column":0},"end":{"line":105,"column":16}},"105":{"start":{"line":106,"column":0},"end":{"line":106,"column":93}},"106":{"start":{"line":107,"column":0},"end":{"line":107,"column":90}},"107":{"start":{"line":108,"column":0},"end":{"line":108,"column":93}},"108":{"start":{"line":109,"column":0},"end":{"line":109,"column":95}},"109":{"start":{"line":110,"column":0},"end":{"line":110,"column":87}},"110":{"start":{"line":111,"column":0},"end":{"line":111,"column":7}},"111":{"start":{"line":112,"column":0},"end":{"line":112,"column":5}},"112":{"start":{"line":113,"column":0},"end":{"line":113,"column":4}},"113":{"start":{"line":114,"column":0},"end":{"line":114,"column":13}},"114":{"start":{"line":115,"column":0},"end":{"line":115,"column":15}},"115":{"start":{"line":116,"column":0},"end":{"line":116,"column":33}},"116":{"start":{"line":117,"column":0},"end":{"line":117,"column":16}},"117":{"start":{"line":118,"column":0},"end":{"line":118,"column":146}},"118":{"start":{"line":119,"column":0},"end":{"line":119,"column":121}},"119":{"start":{"line":120,"column":0},"end":{"line":120,"column":13}},"120":{"start":{"line":121,"column":0},"end":{"line":121,"column":48}},"121":{"start":{"line":122,"column":0},"end":{"line":122,"column":50}},"122":{"start":{"line":123,"column":0},"end":{"line":123,"column":52}},"123":{"start":{"line":124,"column":0},"end":{"line":124,"column":8}},"124":{"start":{"line":125,"column":0},"end":{"line":125,"column":16}},"125":{"start":{"line":126,"column":0},"end":{"line":126,"column":91}},"126":{"start":{"line":127,"column":0},"end":{"line":127,"column":89}},"127":{"start":{"line":128,"column":0},"end":{"line":128,"column":85}},"128":{"start":{"line":129,"column":0},"end":{"line":129,"column":100}},"129":{"start":{"line":130,"column":0},"end":{"line":130,"column":88}},"130":{"start":{"line":131,"column":0},"end":{"line":131,"column":7}},"131":{"start":{"line":132,"column":0},"end":{"line":132,"column":6}},"132":{"start":{"line":133,"column":0},"end":{"line":133,"column":19}},"133":{"start":{"line":134,"column":0},"end":{"line":134,"column":32}},"134":{"start":{"line":135,"column":0},"end":{"line":135,"column":16}},"135":{"start":{"line":136,"column":0},"end":{"line":136,"column":134}},"136":{"start":{"line":137,"column":0},"end":{"line":137,"column":132}},"137":{"start":{"line":138,"column":0},"end":{"line":138,"column":13}},"138":{"start":{"line":139,"column":0},"end":{"line":139,"column":51}},"139":{"start":{"line":140,"column":0},"end":{"line":140,"column":56}},"140":{"start":{"line":141,"column":0},"end":{"line":141,"column":49}},"141":{"start":{"line":142,"column":0},"end":{"line":142,"column":8}},"142":{"start":{"line":143,"column":0},"end":{"line":143,"column":16}},"143":{"start":{"line":144,"column":0},"end":{"line":144,"column":80}},"144":{"start":{"line":145,"column":0},"end":{"line":145,"column":84}},"145":{"start":{"line":146,"column":0},"end":{"line":146,"column":85}},"146":{"start":{"line":147,"column":0},"end":{"line":147,"column":83}},"147":{"start":{"line":148,"column":0},"end":{"line":148,"column":89}},"148":{"start":{"line":149,"column":0},"end":{"line":149,"column":7}},"149":{"start":{"line":150,"column":0},"end":{"line":150,"column":6}},"150":{"start":{"line":151,"column":0},"end":{"line":151,"column":15}},"151":{"start":{"line":152,"column":0},"end":{"line":152,"column":45}},"152":{"start":{"line":153,"column":0},"end":{"line":153,"column":16}},"153":{"start":{"line":154,"column":0},"end":{"line":154,"column":149}},"154":{"start":{"line":155,"column":0},"end":{"line":155,"column":140}},"155":{"start":{"line":156,"column":0},"end":{"line":156,"column":13}},"156":{"start":{"line":157,"column":0},"end":{"line":157,"column":52}},"157":{"start":{"line":158,"column":0},"end":{"line":158,"column":54}},"158":{"start":{"line":159,"column":0},"end":{"line":159,"column":51}},"159":{"start":{"line":160,"column":0},"end":{"line":160,"column":8}},"160":{"start":{"line":161,"column":0},"end":{"line":161,"column":16}},"161":{"start":{"line":162,"column":0},"end":{"line":162,"column":100}},"162":{"start":{"line":163,"column":0},"end":{"line":163,"column":79}},"163":{"start":{"line":164,"column":0},"end":{"line":164,"column":97}},"164":{"start":{"line":165,"column":0},"end":{"line":165,"column":84}},"165":{"start":{"line":166,"column":0},"end":{"line":166,"column":92}},"166":{"start":{"line":167,"column":0},"end":{"line":167,"column":7}},"167":{"start":{"line":168,"column":0},"end":{"line":168,"column":5}},"168":{"start":{"line":169,"column":0},"end":{"line":169,"column":4}},"169":{"start":{"line":170,"column":0},"end":{"line":170,"column":7}},"170":{"start":{"line":171,"column":0},"end":{"line":171,"column":15}},"171":{"start":{"line":172,"column":0},"end":{"line":172,"column":31}},"172":{"start":{"line":173,"column":0},"end":{"line":173,"column":16}},"173":{"start":{"line":174,"column":0},"end":{"line":174,"column":147}},"174":{"start":{"line":175,"column":0},"end":{"line":175,"column":94}},"175":{"start":{"line":176,"column":0},"end":{"line":176,"column":13}},"176":{"start":{"line":177,"column":0},"end":{"line":177,"column":49}},"177":{"start":{"line":178,"column":0},"end":{"line":178,"column":40}},"178":{"start":{"line":179,"column":0},"end":{"line":179,"column":50}},"179":{"start":{"line":180,"column":0},"end":{"line":180,"column":8}},"180":{"start":{"line":181,"column":0},"end":{"line":181,"column":16}},"181":{"start":{"line":182,"column":0},"end":{"line":182,"column":85}},"182":{"start":{"line":183,"column":0},"end":{"line":183,"column":94}},"183":{"start":{"line":184,"column":0},"end":{"line":184,"column":85}},"184":{"start":{"line":185,"column":0},"end":{"line":185,"column":80}},"185":{"start":{"line":186,"column":0},"end":{"line":186,"column":87}},"186":{"start":{"line":187,"column":0},"end":{"line":187,"column":7}},"187":{"start":{"line":188,"column":0},"end":{"line":188,"column":6}},"188":{"start":{"line":189,"column":0},"end":{"line":189,"column":19}},"189":{"start":{"line":190,"column":0},"end":{"line":190,"column":37}},"190":{"start":{"line":191,"column":0},"end":{"line":191,"column":16}},"191":{"start":{"line":192,"column":0},"end":{"line":192,"column":149}},"192":{"start":{"line":193,"column":0},"end":{"line":193,"column":111}},"193":{"start":{"line":194,"column":0},"end":{"line":194,"column":13}},"194":{"start":{"line":195,"column":0},"end":{"line":195,"column":57}},"195":{"start":{"line":196,"column":0},"end":{"line":196,"column":56}},"196":{"start":{"line":197,"column":0},"end":{"line":197,"column":44}},"197":{"start":{"line":198,"column":0},"end":{"line":198,"column":8}},"198":{"start":{"line":199,"column":0},"end":{"line":199,"column":16}},"199":{"start":{"line":200,"column":0},"end":{"line":200,"column":89}},"200":{"start":{"line":201,"column":0},"end":{"line":201,"column":92}},"201":{"start":{"line":202,"column":0},"end":{"line":202,"column":83}},"202":{"start":{"line":203,"column":0},"end":{"line":203,"column":85}},"203":{"start":{"line":204,"column":0},"end":{"line":204,"column":78}},"204":{"start":{"line":205,"column":0},"end":{"line":205,"column":7}},"205":{"start":{"line":206,"column":0},"end":{"line":206,"column":6}},"206":{"start":{"line":207,"column":0},"end":{"line":207,"column":15}},"207":{"start":{"line":208,"column":0},"end":{"line":208,"column":37}},"208":{"start":{"line":209,"column":0},"end":{"line":209,"column":16}},"209":{"start":{"line":210,"column":0},"end":{"line":210,"column":158}},"210":{"start":{"line":211,"column":0},"end":{"line":211,"column":127}},"211":{"start":{"line":212,"column":0},"end":{"line":212,"column":13}},"212":{"start":{"line":213,"column":0},"end":{"line":213,"column":57}},"213":{"start":{"line":214,"column":0},"end":{"line":214,"column":51}},"214":{"start":{"line":215,"column":0},"end":{"line":215,"column":51}},"215":{"start":{"line":216,"column":0},"end":{"line":216,"column":8}},"216":{"start":{"line":217,"column":0},"end":{"line":217,"column":16}},"217":{"start":{"line":218,"column":0},"end":{"line":218,"column":91}},"218":{"start":{"line":219,"column":0},"end":{"line":219,"column":95}},"219":{"start":{"line":220,"column":0},"end":{"line":220,"column":79}},"220":{"start":{"line":221,"column":0},"end":{"line":221,"column":74}},"221":{"start":{"line":222,"column":0},"end":{"line":222,"column":92}},"222":{"start":{"line":223,"column":0},"end":{"line":223,"column":7}},"223":{"start":{"line":224,"column":0},"end":{"line":224,"column":5}},"224":{"start":{"line":225,"column":0},"end":{"line":225,"column":4}},"225":{"start":{"line":226,"column":0},"end":{"line":226,"column":14}},"226":{"start":{"line":227,"column":0},"end":{"line":227,"column":15}},"227":{"start":{"line":228,"column":0},"end":{"line":228,"column":33}},"228":{"start":{"line":229,"column":0},"end":{"line":229,"column":16}},"229":{"start":{"line":230,"column":0},"end":{"line":230,"column":131}},"230":{"start":{"line":231,"column":0},"end":{"line":231,"column":115}},"231":{"start":{"line":232,"column":0},"end":{"line":232,"column":13}},"232":{"start":{"line":233,"column":0},"end":{"line":233,"column":57}},"233":{"start":{"line":234,"column":0},"end":{"line":234,"column":48}},"234":{"start":{"line":235,"column":0},"end":{"line":235,"column":42}},"235":{"start":{"line":236,"column":0},"end":{"line":236,"column":8}},"236":{"start":{"line":237,"column":0},"end":{"line":237,"column":16}},"237":{"start":{"line":238,"column":0},"end":{"line":238,"column":81}},"238":{"start":{"line":239,"column":0},"end":{"line":239,"column":87}},"239":{"start":{"line":240,"column":0},"end":{"line":240,"column":91}},"240":{"start":{"line":241,"column":0},"end":{"line":241,"column":74}},"241":{"start":{"line":242,"column":0},"end":{"line":242,"column":75}},"242":{"start":{"line":243,"column":0},"end":{"line":243,"column":7}},"243":{"start":{"line":244,"column":0},"end":{"line":244,"column":6}},"244":{"start":{"line":245,"column":0},"end":{"line":245,"column":19}},"245":{"start":{"line":246,"column":0},"end":{"line":246,"column":32}},"246":{"start":{"line":247,"column":0},"end":{"line":247,"column":16}},"247":{"start":{"line":248,"column":0},"end":{"line":248,"column":145}},"248":{"start":{"line":249,"column":0},"end":{"line":249,"column":120}},"249":{"start":{"line":250,"column":0},"end":{"line":250,"column":13}},"250":{"start":{"line":251,"column":0},"end":{"line":251,"column":55}},"251":{"start":{"line":252,"column":0},"end":{"line":252,"column":51}},"252":{"start":{"line":253,"column":0},"end":{"line":253,"column":51}},"253":{"start":{"line":254,"column":0},"end":{"line":254,"column":8}},"254":{"start":{"line":255,"column":0},"end":{"line":255,"column":16}},"255":{"start":{"line":256,"column":0},"end":{"line":256,"column":90}},"256":{"start":{"line":257,"column":0},"end":{"line":257,"column":86}},"257":{"start":{"line":258,"column":0},"end":{"line":258,"column":90}},"258":{"start":{"line":259,"column":0},"end":{"line":259,"column":85}},"259":{"start":{"line":260,"column":0},"end":{"line":260,"column":90}},"260":{"start":{"line":261,"column":0},"end":{"line":261,"column":7}},"261":{"start":{"line":262,"column":0},"end":{"line":262,"column":6}},"262":{"start":{"line":263,"column":0},"end":{"line":263,"column":15}},"263":{"start":{"line":264,"column":0},"end":{"line":264,"column":40}},"264":{"start":{"line":265,"column":0},"end":{"line":265,"column":16}},"265":{"start":{"line":266,"column":0},"end":{"line":266,"column":161}},"266":{"start":{"line":267,"column":0},"end":{"line":267,"column":132}},"267":{"start":{"line":268,"column":0},"end":{"line":268,"column":13}},"268":{"start":{"line":269,"column":0},"end":{"line":269,"column":55}},"269":{"start":{"line":270,"column":0},"end":{"line":270,"column":48}},"270":{"start":{"line":271,"column":0},"end":{"line":271,"column":43}},"271":{"start":{"line":272,"column":0},"end":{"line":272,"column":8}},"272":{"start":{"line":273,"column":0},"end":{"line":273,"column":16}},"273":{"start":{"line":274,"column":0},"end":{"line":274,"column":97}},"274":{"start":{"line":275,"column":0},"end":{"line":275,"column":88}},"275":{"start":{"line":276,"column":0},"end":{"line":276,"column":98}},"276":{"start":{"line":277,"column":0},"end":{"line":277,"column":86}},"277":{"start":{"line":278,"column":0},"end":{"line":278,"column":89}},"278":{"start":{"line":279,"column":0},"end":{"line":279,"column":7}},"279":{"start":{"line":280,"column":0},"end":{"line":280,"column":5}},"280":{"start":{"line":281,"column":0},"end":{"line":281,"column":4}},"281":{"start":{"line":282,"column":0},"end":{"line":282,"column":10}},"282":{"start":{"line":283,"column":0},"end":{"line":283,"column":15}},"283":{"start":{"line":284,"column":0},"end":{"line":284,"column":42}},"284":{"start":{"line":285,"column":0},"end":{"line":285,"column":16}},"285":{"start":{"line":286,"column":0},"end":{"line":286,"column":136}},"286":{"start":{"line":287,"column":0},"end":{"line":287,"column":112}},"287":{"start":{"line":288,"column":0},"end":{"line":288,"column":13}},"288":{"start":{"line":289,"column":0},"end":{"line":289,"column":55}},"289":{"start":{"line":290,"column":0},"end":{"line":290,"column":44}},"290":{"start":{"line":291,"column":0},"end":{"line":291,"column":53}},"291":{"start":{"line":292,"column":0},"end":{"line":292,"column":8}},"292":{"start":{"line":293,"column":0},"end":{"line":293,"column":16}},"293":{"start":{"line":294,"column":0},"end":{"line":294,"column":69}},"294":{"start":{"line":295,"column":0},"end":{"line":295,"column":94}},"295":{"start":{"line":296,"column":0},"end":{"line":296,"column":84}},"296":{"start":{"line":297,"column":0},"end":{"line":297,"column":92}},"297":{"start":{"line":298,"column":0},"end":{"line":298,"column":90}},"298":{"start":{"line":299,"column":0},"end":{"line":299,"column":7}},"299":{"start":{"line":300,"column":0},"end":{"line":300,"column":6}},"300":{"start":{"line":301,"column":0},"end":{"line":301,"column":19}},"301":{"start":{"line":302,"column":0},"end":{"line":302,"column":36}},"302":{"start":{"line":303,"column":0},"end":{"line":303,"column":16}},"303":{"start":{"line":304,"column":0},"end":{"line":304,"column":147}},"304":{"start":{"line":305,"column":0},"end":{"line":305,"column":123}},"305":{"start":{"line":306,"column":0},"end":{"line":306,"column":13}},"306":{"start":{"line":307,"column":0},"end":{"line":307,"column":51}},"307":{"start":{"line":308,"column":0},"end":{"line":308,"column":50}},"308":{"start":{"line":309,"column":0},"end":{"line":309,"column":50}},"309":{"start":{"line":310,"column":0},"end":{"line":310,"column":8}},"310":{"start":{"line":311,"column":0},"end":{"line":311,"column":16}},"311":{"start":{"line":312,"column":0},"end":{"line":312,"column":83}},"312":{"start":{"line":313,"column":0},"end":{"line":313,"column":94}},"313":{"start":{"line":314,"column":0},"end":{"line":314,"column":89}},"314":{"start":{"line":315,"column":0},"end":{"line":315,"column":92}},"315":{"start":{"line":316,"column":0},"end":{"line":316,"column":83}},"316":{"start":{"line":317,"column":0},"end":{"line":317,"column":7}},"317":{"start":{"line":318,"column":0},"end":{"line":318,"column":6}},"318":{"start":{"line":319,"column":0},"end":{"line":319,"column":15}},"319":{"start":{"line":320,"column":0},"end":{"line":320,"column":36}},"320":{"start":{"line":321,"column":0},"end":{"line":321,"column":16}},"321":{"start":{"line":322,"column":0},"end":{"line":322,"column":156}},"322":{"start":{"line":323,"column":0},"end":{"line":323,"column":138}},"323":{"start":{"line":324,"column":0},"end":{"line":324,"column":13}},"324":{"start":{"line":325,"column":0},"end":{"line":325,"column":53}},"325":{"start":{"line":326,"column":0},"end":{"line":326,"column":50}},"326":{"start":{"line":327,"column":0},"end":{"line":327,"column":55}},"327":{"start":{"line":328,"column":0},"end":{"line":328,"column":8}},"328":{"start":{"line":329,"column":0},"end":{"line":329,"column":16}},"329":{"start":{"line":330,"column":0},"end":{"line":330,"column":87}},"330":{"start":{"line":331,"column":0},"end":{"line":331,"column":99}},"331":{"start":{"line":332,"column":0},"end":{"line":332,"column":90}},"332":{"start":{"line":333,"column":0},"end":{"line":333,"column":79}},"333":{"start":{"line":334,"column":0},"end":{"line":334,"column":93}},"334":{"start":{"line":335,"column":0},"end":{"line":335,"column":7}},"335":{"start":{"line":336,"column":0},"end":{"line":336,"column":5}},"336":{"start":{"line":337,"column":0},"end":{"line":337,"column":3}},"337":{"start":{"line":338,"column":0},"end":{"line":338,"column":2}},"338":{"start":{"line":339,"column":0},"end":{"line":339,"column":0}},"339":{"start":{"line":340,"column":0},"end":{"line":340,"column":54}},"340":{"start":{"line":341,"column":0},"end":{"line":341,"column":24}},"341":{"start":{"line":342,"column":0},"end":{"line":342,"column":58}},"342":{"start":{"line":343,"column":0},"end":{"line":343,"column":58}},"343":{"start":{"line":344,"column":0},"end":{"line":344,"column":15}},"344":{"start":{"line":345,"column":0},"end":{"line":345,"column":1}},"345":{"start":{"line":346,"column":0},"end":{"line":346,"column":0}},"346":{"start":{"line":347,"column":0},"end":{"line":347,"column":87}},"347":{"start":{"line":348,"column":0},"end":{"line":348,"column":82}},"348":{"start":{"line":349,"column":0},"end":{"line":349,"column":25}},"349":{"start":{"line":350,"column":0},"end":{"line":350,"column":77}},"350":{"start":{"line":351,"column":0},"end":{"line":351,"column":82}},"351":{"start":{"line":352,"column":0},"end":{"line":352,"column":88}},"352":{"start":{"line":353,"column":0},"end":{"line":353,"column":70}},"353":{"start":{"line":354,"column":0},"end":{"line":354,"column":80}},"354":{"start":{"line":355,"column":0},"end":{"line":355,"column":2}},"355":{"start":{"line":356,"column":0},"end":{"line":356,"column":30}},"356":{"start":{"line":357,"column":0},"end":{"line":357,"column":90}},"357":{"start":{"line":358,"column":0},"end":{"line":358,"column":83}},"358":{"start":{"line":359,"column":0},"end":{"line":359,"column":0}},"359":{"start":{"line":360,"column":0},"end":{"line":360,"column":81}},"360":{"start":{"line":361,"column":0},"end":{"line":361,"column":2}},"361":{"start":{"line":362,"column":0},"end":{"line":362,"column":90}},"362":{"start":{"line":363,"column":0},"end":{"line":363,"column":74}},"363":{"start":{"line":364,"column":0},"end":{"line":364,"column":2}},"364":{"start":{"line":365,"column":0},"end":{"line":365,"column":10}},"365":{"start":{"line":366,"column":0},"end":{"line":366,"column":12}},"366":{"start":{"line":367,"column":0},"end":{"line":367,"column":46}},"367":{"start":{"line":368,"column":0},"end":{"line":368,"column":4}},"368":{"start":{"line":369,"column":0},"end":{"line":369,"column":1}}},"s":{"0":1,"1":1,"2":1,"3":1,"4":1,"5":1,"6":1,"7":1,"8":1,"9":1,"10":1,"11":1,"12":1,"13":1,"14":1,"15":1,"16":1,"17":1,"18":1,"19":1,"20":1,"21":1,"22":1,"23":1,"24":1,"25":1,"26":1,"27":1,"28":1,"29":1,"30":1,"31":1,"32":1,"33":1,"34":1,"35":1,"36":1,"37":1,"38":1,"39":1,"40":1,"41":1,"42":1,"43":1,"44":1,"45":1,"46":1,"47":1,"48":1,"49":1,"50":1,"51":1,"52":1,"53":1,"54":1,"55":1,"56":1,"57":1,"58":1,"59":1,"60":1,"61":1,"62":1,"63":1,"64":1,"65":1,"66":1,"67":1,"68":1,"69":1,"70":1,"71":1,"72":1,"73":1,"74":1,"75":1,"76":1,"77":1,"78":1,"79":1,"80":1,"81":1,"82":1,"83":1,"84":1,"85":1,"86":1,"87":1,"88":1,"89":1,"90":1,"91":1,"92":1,"93":1,"94":1,"95":1,"96":1,"97":1,"98":1,"99":1,"100":1,"101":1,"102":1,"103":1,"104":1,"105":1,"106":1,"107":1,"108":1,"109":1,"110":1,"111":1,"112":1,"113":1,"114":1,"115":1,"116":1,"117":1,"118":1,"119":1,"120":1,"121":1,"122":1,"123":1,"124":1,"125":1,"126":1,"127":1,"128":1,"129":1,"130":1,"131":1,"132":1,"133":1,"134":1,"135":1,"136":1,"137":1,"138":1,"139":1,"140":1,"141":1,"142":1,"143":1,"144":1,"145":1,"146":1,"147":1,"148":1,"149":1,"150":1,"151":1,"152":1,"153":1,"154":1,"155":1,"156":1,"157":1,"158":1,"159":1,"160":1,"161":1,"162":1,"163":1,"164":1,"165":1,"166":1,"167":1,"168":1,"169":1,"170":1,"171":1,"172":1,"173":1,"174":1,"175":1,"176":1,"177":1,"178":1,"179":1,"180":1,"181":1,"182":1,"183":1,"184":1,"185":1,"186":1,"187":1,"188":1,"189":1,"190":1,"191":1,"192":1,"193":1,"194":1,"195":1,"196":1,"197":1,"198":1,"199":1,"200":1,"201":1,"202":1,"203":1,"204":1,"205":1,"206":1,"207":1,"208":1,"209":1,"210":1,"211":1,"212":1,"213":1,"214":1,"215":1,"216":1,"217":1,"218":1,"219":1,"220":1,"221":1,"222":1,"223":1,"224":1,"225":1,"226":1,"227":1,"228":1,"229":1,"230":1,"231":1,"232":1,"233":1,"234":1,"235":1,"236":1,"237":1,"238":1,"239":1,"240":1,"241":1,"242":1,"243":1,"244":1,"245":1,"246":1,"247":1,"248":1,"249":1,"250":1,"251":1,"252":1,"253":1,"254":1,"255":1,"256":1,"257":1,"258":1,"259":1,"260":1,"261":1,"262":1,"263":1,"264":1,"265":1,"266":1,"267":1,"268":1,"269":1,"270":1,"271":1,"272":1,"273":1,"274":1,"275":1,"276":1,"277":1,"278":1,"279":1,"280":1,"281":1,"282":1,"283":1,"284":1,"285":1,"286":1,"287":1,"288":1,"289":1,"290":1,"291":1,"292":1,"293":1,"294":1,"295":1,"296":1,"297":1,"298":1,"299":1,"300":1,"301":1,"302":1,"303":1,"304":1,"305":1,"306":1,"307":1,"308":1,"309":1,"310":1,"311":1,"312":1,"313":1,"314":1,"315":1,"316":1,"317":1,"318":1,"319":1,"320":1,"321":1,"322":1,"323":1,"324":1,"325":1,"326":1,"327":1,"328":1,"329":1,"330":1,"331":1,"332":1,"333":1,"334":1,"335":1,"336":1,"337":1,"338":1,"339":1,"340":8,"341":8,"342":8,"343":8,"344":8,"345":1,"346":1,"347":3,"348":3,"349":3,"350":2,"351":2,"352":2,"353":1,"354":3,"355":3,"356":3,"357":2,"358":3,"359":3,"360":3,"361":3,"362":3,"363":3,"364":3,"365":3,"366":3,"367":3,"368":3},"branchMap":{"0":{"type":"branch","line":340,"loc":{"start":{"line":340,"column":7},"end":{"line":345,"column":1}},"locations":[{"start":{"line":340,"column":7},"end":{"line":345,"column":1}}]},"1":{"type":"branch","line":342,"loc":{"start":{"line":342,"column":26},"end":{"line":342,"column":58}},"locations":[{"start":{"line":342,"column":26},"end":{"line":342,"column":58}}]},"2":{"type":"branch","line":343,"loc":{"start":{"line":343,"column":26},"end":{"line":343,"column":58}},"locations":[{"start":{"line":343,"column":26},"end":{"line":343,"column":58}}]},"3":{"type":"branch","line":347,"loc":{"start":{"line":347,"column":7},"end":{"line":369,"column":1}},"locations":[{"start":{"line":347,"column":7},"end":{"line":369,"column":1}}]},"4":{"type":"branch","line":350,"loc":{"start":{"line":350,"column":57},"end":{"line":350,"column":77}},"locations":[{"start":{"line":350,"column":57},"end":{"line":350,"column":77}}]},"5":{"type":"branch","line":350,"loc":{"start":{"line":350,"column":76},"end":{"line":354,"column":80}},"locations":[{"start":{"line":350,"column":76},"end":{"line":354,"column":80}}]},"6":{"type":"branch","line":351,"loc":{"start":{"line":351,"column":62},"end":{"line":351,"column":82}},"locations":[{"start":{"line":351,"column":62},"end":{"line":351,"column":82}}]},"7":{"type":"branch","line":352,"loc":{"start":{"line":352,"column":66},"end":{"line":352,"column":88}},"locations":[{"start":{"line":352,"column":66},"end":{"line":352,"column":88}}]},"8":{"type":"branch","line":353,"loc":{"start":{"line":353,"column":54},"end":{"line":354,"column":80}},"locations":[{"start":{"line":353,"column":54},"end":{"line":354,"column":80}}]},"9":{"type":"branch","line":354,"loc":{"start":{"line":354,"column":57},"end":{"line":354,"column":80}},"locations":[{"start":{"line":354,"column":57},"end":{"line":354,"column":80}}]},"10":{"type":"branch","line":357,"loc":{"start":{"line":357,"column":66},"end":{"line":357,"column":90}},"locations":[{"start":{"line":357,"column":66},"end":{"line":357,"column":90}}]},"11":{"type":"branch","line":357,"loc":{"start":{"line":357,"column":89},"end":{"line":358,"column":83}},"locations":[{"start":{"line":357,"column":89},"end":{"line":358,"column":83}}]},"12":{"type":"branch","line":358,"loc":{"start":{"line":358,"column":55},"end":{"line":358,"column":83}},"locations":[{"start":{"line":358,"column":55},"end":{"line":358,"column":83}}]},"13":{"type":"branch","line":360,"loc":{"start":{"line":360,"column":48},"end":{"line":360,"column":80}},"locations":[{"start":{"line":360,"column":48},"end":{"line":360,"column":80}}]},"14":{"type":"branch","line":363,"loc":{"start":{"line":363,"column":40},"end":{"line":363,"column":44}},"locations":[{"start":{"line":363,"column":40},"end":{"line":363,"column":44}}]},"15":{"type":"branch","line":363,"loc":{"start":{"line":363,"column":65},"end":{"line":363,"column":68}},"locations":[{"start":{"line":363,"column":65},"end":{"line":363,"column":68}}]}},"b":{"0":[8],"1":[2],"2":[2],"3":[3],"4":[1],"5":[2],"6":[0],"7":[0],"8":[1],"9":[0],"10":[1],"11":[2],"12":[0],"13":[0],"14":[0],"15":[0]},"fnMap":{"0":{"name":"adjustScore","decl":{"start":{"line":340,"column":7},"end":{"line":345,"column":1}},"loc":{"start":{"line":340,"column":7},"end":{"line":345,"column":1}},"line":340},"1":{"name":"getCareerData","decl":{"start":{"line":347,"column":7},"end":{"line":369,"column":1}},"loc":{"start":{"line":347,"column":7},"end":{"line":369,"column":1}},"line":347}},"f":{"0":8,"1":3}}
,"C:\\Users\\manas\\.antigravity\\my project ant 1\\pathwise-ai\\src\\cursor.js": {"path":"C:\\Users\\manas\\.antigravity\\my project ant 1\\pathwise-ai\\src\\cursor.js","all":true,"statementMap":{"0":{"start":{"line":1,"column":0},"end":{"line":1,"column":30}},"1":{"start":{"line":2,"column":0},"end":{"line":2,"column":52}},"2":{"start":{"line":3,"column":0},"end":{"line":3,"column":54}},"3":{"start":{"line":4,"column":0},"end":{"line":4,"column":2}},"4":{"start":{"line":5,"column":0},"end":{"line":5,"column":28}},"5":{"start":{"line":6,"column":0},"end":{"line":6,"column":0}},"6":{"start":{"line":7,"column":0},"end":{"line":7,"column":37}},"7":{"start":{"line":8,"column":0},"end":{"line":8,"column":38}},"8":{"start":{"line":9,"column":0},"end":{"line":9,"column":36}},"9":{"start":{"line":10,"column":0},"end":{"line":10,"column":37}},"10":{"start":{"line":11,"column":0},"end":{"line":11,"column":0}},"11":{"start":{"line":12,"column":0},"end":{"line":12,"column":24}},"12":{"start":{"line":13,"column":0},"end":{"line":13,"column":47}},"13":{"start":{"line":14,"column":0},"end":{"line":14,"column":23}},"14":{"start":{"line":15,"column":0},"end":{"line":15,"column":23}},"15":{"start":{"line":16,"column":0},"end":{"line":16,"column":35}},"16":{"start":{"line":17,"column":0},"end":{"line":17,"column":34}},"17":{"start":{"line":18,"column":0},"end":{"line":18,"column":4}},"18":{"start":{"line":19,"column":0},"end":{"line":19,"column":40}},"19":{"start":{"line":20,"column":0},"end":{"line":20,"column":59}},"20":{"start":{"line":21,"column":0},"end":{"line":21,"column":57}},"21":{"start":{"line":22,"column":0},"end":{"line":22,"column":72}},"22":{"start":{"line":23,"column":0},"end":{"line":23,"column":72}},"23":{"start":{"line":24,"column":0},"end":{"line":24,"column":5}},"24":{"start":{"line":25,"column":0},"end":{"line":25,"column":0}},"25":{"start":{"line":26,"column":0},"end":{"line":26,"column":20}},"26":{"start":{"line":27,"column":0},"end":{"line":27,"column":70}},"27":{"start":{"line":28,"column":0},"end":{"line":28,"column":0}},"28":{"start":{"line":29,"column":0},"end":{"line":29,"column":29}},"29":{"start":{"line":30,"column":0},"end":{"line":30,"column":38}},"30":{"start":{"line":31,"column":0},"end":{"line":31,"column":38}},"31":{"start":{"line":32,"column":0},"end":{"line":32,"column":35}},"32":{"start":{"line":33,"column":0},"end":{"line":33,"column":34}},"33":{"start":{"line":34,"column":0},"end":{"line":34,"column":39}},"34":{"start":{"line":35,"column":0},"end":{"line":35,"column":4}},"35":{"start":{"line":36,"column":0},"end":{"line":36,"column":37}},"36":{"start":{"line":37,"column":0},"end":{"line":37,"column":0}},"37":{"start":{"line":38,"column":0},"end":{"line":38,"column":17}},"38":{"start":{"line":39,"column":0},"end":{"line":39,"column":49}},"39":{"start":{"line":40,"column":0},"end":{"line":40,"column":28}},"40":{"start":{"line":41,"column":0},"end":{"line":41,"column":8}},"41":{"start":{"line":42,"column":0},"end":{"line":42,"column":37}},"42":{"start":{"line":43,"column":0},"end":{"line":43,"column":32}},"43":{"start":{"line":44,"column":0},"end":{"line":44,"column":64}},"44":{"start":{"line":45,"column":0},"end":{"line":45,"column":113}},"45":{"start":{"line":46,"column":0},"end":{"line":46,"column":7}},"46":{"start":{"line":47,"column":0},"end":{"line":47,"column":34}},"47":{"start":{"line":48,"column":0},"end":{"line":48,"column":5}},"48":{"start":{"line":49,"column":0},"end":{"line":49,"column":5}},"49":{"start":{"line":50,"column":0},"end":{"line":50,"column":0}},"50":{"start":{"line":51,"column":0},"end":{"line":51,"column":48}},"51":{"start":{"line":52,"column":0},"end":{"line":52,"column":28}},"52":{"start":{"line":53,"column":0},"end":{"line":53,"column":8}},"53":{"start":{"line":54,"column":0},"end":{"line":54,"column":37}},"54":{"start":{"line":55,"column":0},"end":{"line":55,"column":32}},"55":{"start":{"line":56,"column":0},"end":{"line":56,"column":64}},"56":{"start":{"line":57,"column":0},"end":{"line":57,"column":113}},"57":{"start":{"line":58,"column":0},"end":{"line":58,"column":7}},"58":{"start":{"line":59,"column":0},"end":{"line":59,"column":37}},"59":{"start":{"line":60,"column":0},"end":{"line":60,"column":5}},"60":{"start":{"line":61,"column":0},"end":{"line":61,"column":5}},"61":{"start":{"line":62,"column":0},"end":{"line":62,"column":1}}},"s":{"0":0,"1":0,"2":0,"3":0,"4":0,"5":0,"6":0,"7":0,"8":0,"9":0,"10":0,"11":0,"12":0,"13":0,"14":0,"15":0,"16":0,"17":0,"18":0,"19":0,"20":0,"21":0,"22":0,"23":0,"24":0,"25":0,"26":0,"27":0,"28":0,"29":0,"30":0,"31":0,"32":0,"33":0,"34":0,"35":0,"36":0,"37":0,"38":0,"39":0,"40":0,"41":0,"42":0,"43":0,"44":0,"45":0,"46":0,"47":0,"48":0,"49":0,"50":0,"51":0,"52":0,"53":0,"54":0,"55":0,"56":0,"57":0,"58":0,"59":0,"60":0,"61":0},"branchMap":{"0":{"type":"branch","line":1,"loc":{"start":{"line":1,"column":1998},"end":{"line":62,"column":1}},"locations":[{"start":{"line":1,"column":1998},"end":{"line":62,"column":1}}]}},"b":{"0":[0]},"fnMap":{"0":{"name":"(empty-report)","decl":{"start":{"line":1,"column":1998},"end":{"line":62,"column":1}},"loc":{"start":{"line":1,"column":1998},"end":{"line":62,"column":1}},"line":1}},"f":{"0":0}}
,"C:\\Users\\manas\\.antigravity\\my project ant 1\\pathwise-ai\\src\\firebase.js": {"path":"C:\\Users\\manas\\.antigravity\\my project ant 1\\pathwise-ai\\src\\firebase.js","all":true,"statementMap":{"0":{"start":{"line":1,"column":0},"end":{"line":1,"column":45}},"1":{"start":{"line":2,"column":0},"end":{"line":2,"column":135}},"2":{"start":{"line":3,"column":0},"end":{"line":3,"column":60}},"3":{"start":{"line":4,"column":0},"end":{"line":4,"column":0}},"4":{"start":{"line":5,"column":0},"end":{"line":5,"column":24}},"5":{"start":{"line":6,"column":0},"end":{"line":6,"column":48}},"6":{"start":{"line":7,"column":0},"end":{"line":7,"column":56}},"7":{"start":{"line":8,"column":0},"end":{"line":8,"column":54}},"8":{"start":{"line":9,"column":0},"end":{"line":9,"column":62}},"9":{"start":{"line":10,"column":0},"end":{"line":10,"column":71}},"10":{"start":{"line":11,"column":0},"end":{"line":11,"column":46}},"11":{"start":{"line":12,"column":0},"end":{"line":12,"column":61}},"12":{"start":{"line":13,"column":0},"end":{"line":13,"column":2}},"13":{"start":{"line":14,"column":0},"end":{"line":14,"column":0}},"14":{"start":{"line":15,"column":0},"end":{"line":15,"column":23}},"15":{"start":{"line":16,"column":0},"end":{"line":16,"column":0}},"16":{"start":{"line":17,"column":0},"end":{"line":17,"column":5}},"17":{"start":{"line":18,"column":0},"end":{"line":18,"column":38}},"18":{"start":{"line":19,"column":0},"end":{"line":19,"column":25}},"19":{"start":{"line":20,"column":0},"end":{"line":20,"column":38}},"20":{"start":{"line":21,"column":0},"end":{"line":21,"column":34}},"21":{"start":{"line":22,"column":0},"end":{"line":22,"column":3}},"22":{"start":{"line":23,"column":0},"end":{"line":23,"column":13}},"23":{"start":{"line":24,"column":0},"end":{"line":24,"column":64}},"24":{"start":{"line":25,"column":0},"end":{"line":25,"column":1}},"25":{"start":{"line":26,"column":0},"end":{"line":26,"column":0}},"26":{"start":{"line":27,"column":0},"end":{"line":27,"column":43}},"27":{"start":{"line":28,"column":0},"end":{"line":28,"column":21}},"28":{"start":{"line":29,"column":0},"end":{"line":29,"column":7}},"29":{"start":{"line":30,"column":0},"end":{"line":30,"column":20}},"30":{"start":{"line":31,"column":0},"end":{"line":31,"column":34}},"31":{"start":{"line":32,"column":0},"end":{"line":32,"column":37}},"32":{"start":{"line":33,"column":0},"end":{"line":33,"column":34}},"33":{"start":{"line":34,"column":0},"end":{"line":34,"column":6}},"34":{"start":{"line":35,"column":0},"end":{"line":35,"column":34}},"35":{"start":{"line":36,"column":0},"end":{"line":36,"column":65}},"36":{"start":{"line":37,"column":0},"end":{"line":37,"column":17}},"37":{"start":{"line":38,"column":0},"end":{"line":38,"column":54}},"38":{"start":{"line":39,"column":0},"end":{"line":39,"column":14}},"39":{"start":{"line":40,"column":0},"end":{"line":40,"column":3}},"40":{"start":{"line":41,"column":0},"end":{"line":41,"column":1}},"41":{"start":{"line":42,"column":0},"end":{"line":42,"column":0}},"42":{"start":{"line":43,"column":0},"end":{"line":43,"column":48}},"43":{"start":{"line":44,"column":0},"end":{"line":44,"column":7}},"44":{"start":{"line":45,"column":0},"end":{"line":45,"column":20}},"45":{"start":{"line":46,"column":0},"end":{"line":46,"column":46}},"46":{"start":{"line":47,"column":0},"end":{"line":47,"column":21}},"47":{"start":{"line":48,"column":0},"end":{"line":48,"column":35}},"48":{"start":{"line":49,"column":0},"end":{"line":49,"column":36}},"49":{"start":{"line":50,"column":0},"end":{"line":50,"column":7}},"50":{"start":{"line":51,"column":0},"end":{"line":51,"column":17}},"51":{"start":{"line":52,"column":0},"end":{"line":52,"column":63}},"52":{"start":{"line":53,"column":0},"end":{"line":53,"column":3}},"53":{"start":{"line":54,"column":0},"end":{"line":54,"column":1}},"54":{"start":{"line":55,"column":0},"end":{"line":55,"column":0}},"55":{"start":{"line":56,"column":0},"end":{"line":56,"column":44}},"56":{"start":{"line":57,"column":0},"end":{"line":57,"column":18}},"57":{"start":{"line":58,"column":0},"end":{"line":58,"column":7}},"58":{"start":{"line":59,"column":0},"end":{"line":59,"column":47}},"59":{"start":{"line":60,"column":0},"end":{"line":60,"column":83}},"60":{"start":{"line":61,"column":0},"end":{"line":61,"column":38}},"61":{"start":{"line":62,"column":0},"end":{"line":62,"column":17}},"62":{"start":{"line":63,"column":0},"end":{"line":63,"column":55}},"63":{"start":{"line":64,"column":0},"end":{"line":64,"column":3}},"64":{"start":{"line":65,"column":0},"end":{"line":65,"column":1}},"65":{"start":{"line":66,"column":0},"end":{"line":66,"column":0}},"66":{"start":{"line":67,"column":0},"end":{"line":67,"column":47}},"67":{"start":{"line":68,"column":0},"end":{"line":68,"column":7}},"68":{"start":{"line":69,"column":0},"end":{"line":69,"column":20}},"69":{"start":{"line":70,"column":0},"end":{"line":70,"column":45}},"70":{"start":{"line":71,"column":0},"end":{"line":71,"column":5}},"71":{"start":{"line":72,"column":0},"end":{"line":72,"column":17}},"72":{"start":{"line":73,"column":0},"end":{"line":73,"column":62}},"73":{"start":{"line":74,"column":0},"end":{"line":74,"column":3}},"74":{"start":{"line":75,"column":0},"end":{"line":75,"column":1}}},"s":{"0":0,"1":0,"2":0,"3":0,"4":0,"5":0,"6":0,"7":0,"8":0,"9":0,"10":0,"11":0,"12":0,"13":0,"14":0,"15":0,"16":0,"17":0,"18":0,"19":0,"20":0,"21":0,"22":0,"23":0,"24":0,"25":0,"26":0,"27":0,"28":0,"29":0,"30":0,"31":0,"32":0,"33":0,"34":0,"35":0,"36":0,"37":0,"38":0,"39":0,"40":0,"41":0,"42":0,"43":0,"44":0,"45":0,"46":0,"47":0,"48":0,"49":0,"50":0,"51":0,"52":0,"53":0,"54":0,"55":0,"56":0,"57":0,"58":0,"59":0,"60":0,"61":0,"62":0,"63":0,"64":0,"65":0,"66":0,"67":0,"68":0,"69":0,"70":0,"71":0,"72":0,"73":0,"74":0},"branchMap":{"0":{"type":"branch","line":1,"loc":{"start":{"line":1,"column":0},"end":{"line":75,"column":-649}},"locations":[{"start":{"line":1,"column":0},"end":{"line":75,"column":-649}}]}},"b":{"0":[0]},"fnMap":{"0":{"name":"(empty-report)","decl":{"start":{"line":1,"column":0},"end":{"line":75,"column":-649}},"loc":{"start":{"line":1,"column":0},"end":{"line":75,"column":-649}},"line":1}},"f":{"0":0}}
,"C:\\Users\\manas\\.antigravity\\my project ant 1\\pathwise-ai\\src\\main.js": {"path":"C:\\Users\\manas\\.antigravity\\my project ant 1\\pathwise-ai\\src\\main.js","all":true,"statementMap":{"0":{"start":{"line":1,"column":0},"end":{"line":1,"column":3}},"1":{"start":{"line":2,"column":0},"end":{"line":2,"column":16}},"2":{"start":{"line":3,"column":0},"end":{"line":3,"column":62}},"3":{"start":{"line":4,"column":0},"end":{"line":4,"column":87}},"4":{"start":{"line":5,"column":0},"end":{"line":5,"column":3}},"5":{"start":{"line":6,"column":0},"end":{"line":6,"column":0}},"6":{"start":{"line":7,"column":0},"end":{"line":7,"column":59}},"7":{"start":{"line":8,"column":0},"end":{"line":8,"column":48}},"8":{"start":{"line":9,"column":0},"end":{"line":9,"column":44}},"9":{"start":{"line":10,"column":0},"end":{"line":10,"column":71}},"10":{"start":{"line":11,"column":0},"end":{"line":11,"column":62}},"11":{"start":{"line":12,"column":0},"end":{"line":12,"column":80}},"12":{"start":{"line":13,"column":0},"end":{"line":13,"column":76}},"13":{"start":{"line":14,"column":0},"end":{"line":14,"column":0}},"14":{"start":{"line":15,"column":0},"end":{"line":15,"column":4}},"15":{"start":{"line":16,"column":0},"end":{"line":16,"column":50}},"16":{"start":{"line":17,"column":0},"end":{"line":17,"column":80}},"17":{"start":{"line":18,"column":0},"end":{"line":18,"column":18}},"18":{"start":{"line":19,"column":0},"end":{"line":19,"column":3}},"19":{"start":{"line":20,"column":0},"end":{"line":20,"column":25}},"20":{"start":{"line":21,"column":0},"end":{"line":21,"column":75}},"21":{"start":{"line":22,"column":0},"end":{"line":22,"column":52}},"22":{"start":{"line":23,"column":0},"end":{"line":23,"column":16}},"23":{"start":{"line":24,"column":0},"end":{"line":24,"column":33}},"24":{"start":{"line":25,"column":0},"end":{"line":25,"column":47}},"25":{"start":{"line":26,"column":0},"end":{"line":26,"column":3}},"26":{"start":{"line":27,"column":0},"end":{"line":27,"column":1}},"27":{"start":{"line":28,"column":0},"end":{"line":28,"column":0}},"28":{"start":{"line":29,"column":0},"end":{"line":29,"column":53}},"29":{"start":{"line":30,"column":0},"end":{"line":30,"column":4}},"30":{"start":{"line":31,"column":0},"end":{"line":31,"column":23}},"31":{"start":{"line":32,"column":0},"end":{"line":32,"column":64}},"32":{"start":{"line":33,"column":0},"end":{"line":33,"column":56}},"33":{"start":{"line":34,"column":0},"end":{"line":34,"column":62}},"34":{"start":{"line":35,"column":0},"end":{"line":35,"column":63}},"35":{"start":{"line":36,"column":0},"end":{"line":36,"column":66}},"36":{"start":{"line":37,"column":0},"end":{"line":37,"column":62}},"37":{"start":{"line":38,"column":0},"end":{"line":38,"column":64}},"38":{"start":{"line":39,"column":0},"end":{"line":39,"column":62}},"39":{"start":{"line":40,"column":0},"end":{"line":40,"column":68}},"40":{"start":{"line":41,"column":0},"end":{"line":41,"column":4}},"41":{"start":{"line":42,"column":0},"end":{"line":42,"column":70}},"42":{"start":{"line":43,"column":0},"end":{"line":43,"column":67}},"43":{"start":{"line":44,"column":0},"end":{"line":44,"column":69}},"44":{"start":{"line":45,"column":0},"end":{"line":45,"column":64}},"45":{"start":{"line":46,"column":0},"end":{"line":46,"column":69}},"46":{"start":{"line":47,"column":0},"end":{"line":47,"column":4}},"47":{"start":{"line":48,"column":0},"end":{"line":48,"column":17}},"48":{"start":{"line":49,"column":0},"end":{"line":49,"column":17}},"49":{"start":{"line":50,"column":0},"end":{"line":50,"column":15}},"50":{"start":{"line":51,"column":0},"end":{"line":51,"column":16}},"51":{"start":{"line":52,"column":0},"end":{"line":52,"column":17}},"52":{"start":{"line":53,"column":0},"end":{"line":53,"column":13}},"53":{"start":{"line":54,"column":0},"end":{"line":54,"column":6}},"54":{"start":{"line":55,"column":0},"end":{"line":55,"column":0}},"55":{"start":{"line":56,"column":0},"end":{"line":56,"column":7}},"56":{"start":{"line":57,"column":0},"end":{"line":57,"column":44}},"57":{"start":{"line":58,"column":0},"end":{"line":58,"column":7}},"58":{"start":{"line":59,"column":0},"end":{"line":59,"column":43}},"59":{"start":{"line":60,"column":0},"end":{"line":60,"column":54}},"60":{"start":{"line":61,"column":0},"end":{"line":61,"column":45}},"61":{"start":{"line":62,"column":0},"end":{"line":62,"column":25}},"62":{"start":{"line":63,"column":0},"end":{"line":63,"column":9}},"63":{"start":{"line":64,"column":0},"end":{"line":64,"column":5}},"64":{"start":{"line":65,"column":0},"end":{"line":65,"column":0}},"65":{"start":{"line":66,"column":0},"end":{"line":66,"column":44}},"66":{"start":{"line":67,"column":0},"end":{"line":67,"column":55}},"67":{"start":{"line":68,"column":0},"end":{"line":68,"column":48}},"68":{"start":{"line":69,"column":0},"end":{"line":69,"column":9}},"69":{"start":{"line":70,"column":0},"end":{"line":70,"column":5}},"70":{"start":{"line":71,"column":0},"end":{"line":71,"column":0}},"71":{"start":{"line":72,"column":0},"end":{"line":72,"column":26}},"72":{"start":{"line":73,"column":0},"end":{"line":73,"column":61}},"73":{"start":{"line":74,"column":0},"end":{"line":74,"column":35}},"74":{"start":{"line":75,"column":0},"end":{"line":75,"column":25}},"75":{"start":{"line":76,"column":0},"end":{"line":76,"column":9}},"76":{"start":{"line":77,"column":0},"end":{"line":77,"column":5}},"77":{"start":{"line":78,"column":0},"end":{"line":78,"column":0}},"78":{"start":{"line":79,"column":0},"end":{"line":79,"column":7}},"79":{"start":{"line":80,"column":0},"end":{"line":80,"column":66}},"80":{"start":{"line":81,"column":0},"end":{"line":81,"column":7}},"81":{"start":{"line":82,"column":0},"end":{"line":82,"column":40}},"82":{"start":{"line":83,"column":0},"end":{"line":83,"column":30}},"83":{"start":{"line":84,"column":0},"end":{"line":84,"column":49}},"84":{"start":{"line":85,"column":0},"end":{"line":85,"column":78}},"85":{"start":{"line":86,"column":0},"end":{"line":86,"column":6}},"86":{"start":{"line":87,"column":0},"end":{"line":87,"column":34}},"87":{"start":{"line":88,"column":0},"end":{"line":88,"column":46}},"88":{"start":{"line":89,"column":0},"end":{"line":89,"column":39}},"89":{"start":{"line":90,"column":0},"end":{"line":90,"column":36}},"90":{"start":{"line":91,"column":0},"end":{"line":91,"column":42}},"91":{"start":{"line":92,"column":0},"end":{"line":92,"column":35}},"92":{"start":{"line":93,"column":0},"end":{"line":93,"column":14}},"93":{"start":{"line":94,"column":0},"end":{"line":94,"column":31}},"94":{"start":{"line":95,"column":0},"end":{"line":95,"column":52}},"95":{"start":{"line":96,"column":0},"end":{"line":96,"column":44}},"96":{"start":{"line":97,"column":0},"end":{"line":97,"column":10}},"97":{"start":{"line":98,"column":0},"end":{"line":98,"column":50}},"98":{"start":{"line":99,"column":0},"end":{"line":99,"column":42}},"99":{"start":{"line":100,"column":0},"end":{"line":100,"column":10}},"100":{"start":{"line":101,"column":0},"end":{"line":101,"column":53}},"101":{"start":{"line":102,"column":0},"end":{"line":102,"column":57}},"102":{"start":{"line":103,"column":0},"end":{"line":103,"column":10}},"103":{"start":{"line":104,"column":0},"end":{"line":104,"column":52}},"104":{"start":{"line":105,"column":0},"end":{"line":105,"column":40}},"105":{"start":{"line":106,"column":0},"end":{"line":106,"column":42}},"106":{"start":{"line":107,"column":0},"end":{"line":107,"column":99}},"107":{"start":{"line":108,"column":0},"end":{"line":108,"column":10}},"108":{"start":{"line":109,"column":0},"end":{"line":109,"column":30}},"109":{"start":{"line":110,"column":0},"end":{"line":110,"column":34}},"110":{"start":{"line":111,"column":0},"end":{"line":111,"column":33}},"111":{"start":{"line":112,"column":0},"end":{"line":112,"column":39}},"112":{"start":{"line":113,"column":0},"end":{"line":113,"column":11}},"113":{"start":{"line":114,"column":0},"end":{"line":114,"column":7}},"114":{"start":{"line":115,"column":0},"end":{"line":115,"column":6}},"115":{"start":{"line":116,"column":0},"end":{"line":116,"column":0}},"116":{"start":{"line":117,"column":0},"end":{"line":117,"column":36}},"117":{"start":{"line":118,"column":0},"end":{"line":118,"column":51}},"118":{"start":{"line":119,"column":0},"end":{"line":119,"column":50}},"119":{"start":{"line":120,"column":0},"end":{"line":120,"column":45}},"120":{"start":{"line":121,"column":0},"end":{"line":121,"column":9}},"121":{"start":{"line":122,"column":0},"end":{"line":122,"column":5}},"122":{"start":{"line":123,"column":0},"end":{"line":123,"column":0}},"123":{"start":{"line":124,"column":0},"end":{"line":124,"column":7}},"124":{"start":{"line":125,"column":0},"end":{"line":125,"column":85}},"125":{"start":{"line":126,"column":0},"end":{"line":126,"column":40}},"126":{"start":{"line":127,"column":0},"end":{"line":127,"column":40}},"127":{"start":{"line":128,"column":0},"end":{"line":128,"column":42}},"128":{"start":{"line":129,"column":0},"end":{"line":129,"column":40}},"129":{"start":{"line":130,"column":0},"end":{"line":130,"column":48}},"130":{"start":{"line":131,"column":0},"end":{"line":131,"column":7}},"131":{"start":{"line":132,"column":0},"end":{"line":132,"column":51}},"132":{"start":{"line":133,"column":0},"end":{"line":133,"column":52}},"133":{"start":{"line":134,"column":0},"end":{"line":134,"column":19}},"134":{"start":{"line":135,"column":0},"end":{"line":135,"column":27}},"135":{"start":{"line":136,"column":0},"end":{"line":136,"column":27}},"136":{"start":{"line":137,"column":0},"end":{"line":137,"column":29}},"137":{"start":{"line":138,"column":0},"end":{"line":138,"column":31}},"138":{"start":{"line":139,"column":0},"end":{"line":139,"column":0}},"139":{"start":{"line":140,"column":0},"end":{"line":140,"column":71}},"140":{"start":{"line":141,"column":0},"end":{"line":141,"column":84}},"141":{"start":{"line":142,"column":0},"end":{"line":142,"column":7}},"142":{"start":{"line":143,"column":0},"end":{"line":143,"column":26}},"143":{"start":{"line":144,"column":0},"end":{"line":144,"column":44}},"144":{"start":{"line":145,"column":0},"end":{"line":145,"column":61}},"145":{"start":{"line":146,"column":0},"end":{"line":146,"column":64}},"146":{"start":{"line":147,"column":0},"end":{"line":147,"column":17}},"147":{"start":{"line":148,"column":0},"end":{"line":148,"column":79}},"148":{"start":{"line":149,"column":0},"end":{"line":149,"column":10}},"149":{"start":{"line":150,"column":0},"end":{"line":150,"column":20}},"150":{"start":{"line":151,"column":0},"end":{"line":151,"column":55}},"151":{"start":{"line":152,"column":0},"end":{"line":152,"column":9}},"152":{"start":{"line":153,"column":0},"end":{"line":153,"column":9}},"153":{"start":{"line":154,"column":0},"end":{"line":154,"column":6}},"154":{"start":{"line":155,"column":0},"end":{"line":155,"column":0}},"155":{"start":{"line":156,"column":0},"end":{"line":156,"column":7}},"156":{"start":{"line":157,"column":0},"end":{"line":157,"column":85}},"157":{"start":{"line":158,"column":0},"end":{"line":158,"column":7}},"158":{"start":{"line":159,"column":0},"end":{"line":159,"column":39}},"159":{"start":{"line":160,"column":0},"end":{"line":160,"column":71}},"160":{"start":{"line":161,"column":0},"end":{"line":161,"column":57}},"161":{"start":{"line":162,"column":0},"end":{"line":162,"column":59}},"162":{"start":{"line":163,"column":0},"end":{"line":163,"column":61}},"163":{"start":{"line":164,"column":0},"end":{"line":164,"column":6}},"164":{"start":{"line":165,"column":0},"end":{"line":165,"column":40}},"165":{"start":{"line":166,"column":0},"end":{"line":166,"column":107}},"166":{"start":{"line":167,"column":0},"end":{"line":167,"column":15}},"167":{"start":{"line":168,"column":0},"end":{"line":168,"column":7}},"168":{"start":{"line":169,"column":0},"end":{"line":169,"column":0}},"169":{"start":{"line":170,"column":0},"end":{"line":170,"column":11}},"170":{"start":{"line":171,"column":0},"end":{"line":171,"column":36}},"171":{"start":{"line":172,"column":0},"end":{"line":172,"column":44}},"172":{"start":{"line":173,"column":0},"end":{"line":173,"column":8}},"173":{"start":{"line":174,"column":0},"end":{"line":174,"column":84}},"174":{"start":{"line":175,"column":0},"end":{"line":175,"column":54}},"175":{"start":{"line":176,"column":0},"end":{"line":176,"column":48}},"176":{"start":{"line":177,"column":0},"end":{"line":177,"column":8}},"177":{"start":{"line":178,"column":0},"end":{"line":178,"column":30}},"178":{"start":{"line":179,"column":0},"end":{"line":179,"column":27}},"179":{"start":{"line":180,"column":0},"end":{"line":180,"column":53}},"180":{"start":{"line":181,"column":0},"end":{"line":181,"column":71}},"181":{"start":{"line":182,"column":0},"end":{"line":182,"column":23}},"182":{"start":{"line":183,"column":0},"end":{"line":183,"column":55}},"183":{"start":{"line":184,"column":0},"end":{"line":184,"column":75}},"184":{"start":{"line":185,"column":0},"end":{"line":185,"column":36}},"185":{"start":{"line":186,"column":0},"end":{"line":186,"column":56}},"186":{"start":{"line":187,"column":0},"end":{"line":187,"column":87}},"187":{"start":{"line":188,"column":0},"end":{"line":188,"column":60}},"188":{"start":{"line":189,"column":0},"end":{"line":189,"column":37}},"189":{"start":{"line":190,"column":0},"end":{"line":190,"column":17}},"190":{"start":{"line":191,"column":0},"end":{"line":191,"column":13}},"191":{"start":{"line":192,"column":0},"end":{"line":192,"column":81}},"192":{"start":{"line":193,"column":0},"end":{"line":193,"column":9}},"193":{"start":{"line":194,"column":0},"end":{"line":194,"column":0}},"194":{"start":{"line":195,"column":0},"end":{"line":195,"column":59}},"195":{"start":{"line":196,"column":0},"end":{"line":196,"column":30}},"196":{"start":{"line":197,"column":0},"end":{"line":197,"column":0}},"197":{"start":{"line":198,"column":0},"end":{"line":198,"column":22}},"198":{"start":{"line":199,"column":0},"end":{"line":199,"column":74}},"199":{"start":{"line":200,"column":0},"end":{"line":200,"column":90}},"200":{"start":{"line":201,"column":0},"end":{"line":201,"column":57}},"201":{"start":{"line":202,"column":0},"end":{"line":202,"column":16}},"202":{"start":{"line":203,"column":0},"end":{"line":203,"column":57}},"203":{"start":{"line":204,"column":0},"end":{"line":204,"column":82}},"204":{"start":{"line":205,"column":0},"end":{"line":205,"column":96}},"205":{"start":{"line":206,"column":0},"end":{"line":206,"column":12}},"206":{"start":{"line":207,"column":0},"end":{"line":207,"column":17}},"207":{"start":{"line":208,"column":0},"end":{"line":208,"column":65}},"208":{"start":{"line":209,"column":0},"end":{"line":209,"column":50}},"209":{"start":{"line":210,"column":0},"end":{"line":210,"column":79}},"210":{"start":{"line":211,"column":0},"end":{"line":211,"column":30}},"211":{"start":{"line":212,"column":0},"end":{"line":212,"column":81}},"212":{"start":{"line":213,"column":0},"end":{"line":213,"column":92}},"213":{"start":{"line":214,"column":0},"end":{"line":214,"column":91}},"214":{"start":{"line":215,"column":0},"end":{"line":215,"column":13}},"215":{"start":{"line":216,"column":0},"end":{"line":216,"column":9}},"216":{"start":{"line":217,"column":0},"end":{"line":217,"column":0}},"217":{"start":{"line":218,"column":0},"end":{"line":218,"column":25}},"218":{"start":{"line":219,"column":0},"end":{"line":219,"column":35}},"219":{"start":{"line":220,"column":0},"end":{"line":220,"column":23}},"220":{"start":{"line":221,"column":0},"end":{"line":221,"column":19}},"221":{"start":{"line":222,"column":0},"end":{"line":222,"column":36}},"222":{"start":{"line":223,"column":0},"end":{"line":223,"column":37}},"223":{"start":{"line":224,"column":0},"end":{"line":224,"column":40}},"224":{"start":{"line":225,"column":0},"end":{"line":225,"column":38}},"225":{"start":{"line":226,"column":0},"end":{"line":226,"column":44}},"226":{"start":{"line":227,"column":0},"end":{"line":227,"column":40}},"227":{"start":{"line":228,"column":0},"end":{"line":228,"column":13}},"228":{"start":{"line":229,"column":0},"end":{"line":229,"column":30}},"229":{"start":{"line":230,"column":0},"end":{"line":230,"column":78}},"230":{"start":{"line":231,"column":0},"end":{"line":231,"column":66}},"231":{"start":{"line":232,"column":0},"end":{"line":232,"column":9}},"232":{"start":{"line":233,"column":0},"end":{"line":233,"column":8}},"233":{"start":{"line":234,"column":0},"end":{"line":234,"column":21}},"234":{"start":{"line":235,"column":0},"end":{"line":235,"column":48}},"235":{"start":{"line":236,"column":0},"end":{"line":236,"column":81}},"236":{"start":{"line":237,"column":0},"end":{"line":237,"column":86}},"237":{"start":{"line":238,"column":0},"end":{"line":238,"column":49}},"238":{"start":{"line":239,"column":0},"end":{"line":239,"column":17}},"239":{"start":{"line":240,"column":0},"end":{"line":240,"column":37}},"240":{"start":{"line":241,"column":0},"end":{"line":241,"column":45}},"241":{"start":{"line":242,"column":0},"end":{"line":242,"column":54}},"242":{"start":{"line":243,"column":0},"end":{"line":243,"column":49}},"243":{"start":{"line":244,"column":0},"end":{"line":244,"column":7}},"244":{"start":{"line":245,"column":0},"end":{"line":245,"column":6}},"245":{"start":{"line":246,"column":0},"end":{"line":246,"column":0}},"246":{"start":{"line":247,"column":0},"end":{"line":247,"column":22}},"247":{"start":{"line":248,"column":0},"end":{"line":248,"column":59}},"248":{"start":{"line":249,"column":0},"end":{"line":249,"column":5}},"249":{"start":{"line":250,"column":0},"end":{"line":250,"column":0}},"250":{"start":{"line":251,"column":0},"end":{"line":251,"column":18}},"251":{"start":{"line":252,"column":0},"end":{"line":252,"column":47}},"252":{"start":{"line":253,"column":0},"end":{"line":253,"column":57}},"253":{"start":{"line":254,"column":0},"end":{"line":254,"column":60}},"254":{"start":{"line":255,"column":0},"end":{"line":255,"column":67}},"255":{"start":{"line":256,"column":0},"end":{"line":256,"column":26}},"256":{"start":{"line":257,"column":0},"end":{"line":257,"column":34}},"257":{"start":{"line":258,"column":0},"end":{"line":258,"column":57}},"258":{"start":{"line":259,"column":0},"end":{"line":259,"column":10}},"259":{"start":{"line":260,"column":0},"end":{"line":260,"column":37}},"260":{"start":{"line":261,"column":0},"end":{"line":261,"column":39}},"261":{"start":{"line":262,"column":0},"end":{"line":262,"column":45}},"262":{"start":{"line":263,"column":0},"end":{"line":263,"column":25}},"263":{"start":{"line":264,"column":0},"end":{"line":264,"column":0}},"264":{"start":{"line":265,"column":0},"end":{"line":265,"column":88}},"265":{"start":{"line":266,"column":0},"end":{"line":266,"column":40}},"266":{"start":{"line":267,"column":0},"end":{"line":267,"column":9}},"267":{"start":{"line":268,"column":0},"end":{"line":268,"column":5}},"268":{"start":{"line":269,"column":0},"end":{"line":269,"column":0}},"269":{"start":{"line":270,"column":0},"end":{"line":270,"column":36}},"270":{"start":{"line":271,"column":0},"end":{"line":271,"column":49}},"271":{"start":{"line":272,"column":0},"end":{"line":272,"column":69}},"272":{"start":{"line":273,"column":0},"end":{"line":273,"column":67}},"273":{"start":{"line":274,"column":0},"end":{"line":274,"column":47}},"274":{"start":{"line":275,"column":0},"end":{"line":275,"column":49}},"275":{"start":{"line":276,"column":0},"end":{"line":276,"column":62}},"276":{"start":{"line":277,"column":0},"end":{"line":277,"column":64}},"277":{"start":{"line":278,"column":0},"end":{"line":278,"column":93}},"278":{"start":{"line":279,"column":0},"end":{"line":279,"column":103}},"279":{"start":{"line":280,"column":0},"end":{"line":280,"column":9}},"280":{"start":{"line":281,"column":0},"end":{"line":281,"column":49}},"281":{"start":{"line":282,"column":0},"end":{"line":282,"column":58}},"282":{"start":{"line":283,"column":0},"end":{"line":283,"column":56}},"283":{"start":{"line":284,"column":0},"end":{"line":284,"column":9}},"284":{"start":{"line":285,"column":0},"end":{"line":285,"column":65}},"285":{"start":{"line":286,"column":0},"end":{"line":286,"column":63}},"286":{"start":{"line":287,"column":0},"end":{"line":287,"column":5}},"287":{"start":{"line":288,"column":0},"end":{"line":288,"column":0}},"288":{"start":{"line":289,"column":0},"end":{"line":289,"column":7}},"289":{"start":{"line":290,"column":0},"end":{"line":290,"column":84}},"290":{"start":{"line":291,"column":0},"end":{"line":291,"column":54}},"291":{"start":{"line":292,"column":0},"end":{"line":292,"column":7}},"292":{"start":{"line":293,"column":0},"end":{"line":293,"column":33}},"293":{"start":{"line":294,"column":0},"end":{"line":294,"column":33}},"294":{"start":{"line":295,"column":0},"end":{"line":295,"column":47}},"295":{"start":{"line":296,"column":0},"end":{"line":296,"column":0}},"296":{"start":{"line":297,"column":0},"end":{"line":297,"column":62}},"297":{"start":{"line":298,"column":0},"end":{"line":298,"column":62}},"298":{"start":{"line":299,"column":0},"end":{"line":299,"column":60}},"299":{"start":{"line":300,"column":0},"end":{"line":300,"column":64}},"300":{"start":{"line":301,"column":0},"end":{"line":301,"column":60}},"301":{"start":{"line":302,"column":0},"end":{"line":302,"column":66}},"302":{"start":{"line":303,"column":0},"end":{"line":303,"column":0}},"303":{"start":{"line":304,"column":0},"end":{"line":304,"column":32}},"304":{"start":{"line":305,"column":0},"end":{"line":305,"column":40}},"305":{"start":{"line":306,"column":0},"end":{"line":306,"column":39}},"306":{"start":{"line":307,"column":0},"end":{"line":307,"column":37}},"307":{"start":{"line":308,"column":0},"end":{"line":308,"column":32}},"308":{"start":{"line":309,"column":0},"end":{"line":309,"column":30}},"309":{"start":{"line":310,"column":0},"end":{"line":310,"column":33}},"310":{"start":{"line":311,"column":0},"end":{"line":311,"column":0}},"311":{"start":{"line":312,"column":0},"end":{"line":312,"column":23}},"312":{"start":{"line":313,"column":0},"end":{"line":313,"column":36}},"313":{"start":{"line":314,"column":0},"end":{"line":314,"column":52}},"314":{"start":{"line":315,"column":0},"end":{"line":315,"column":37}},"315":{"start":{"line":316,"column":0},"end":{"line":316,"column":33}},"316":{"start":{"line":317,"column":0},"end":{"line":317,"column":35}},"317":{"start":{"line":318,"column":0},"end":{"line":318,"column":9}},"318":{"start":{"line":319,"column":0},"end":{"line":319,"column":0}},"319":{"start":{"line":320,"column":0},"end":{"line":320,"column":30}},"320":{"start":{"line":321,"column":0},"end":{"line":321,"column":32}},"321":{"start":{"line":322,"column":0},"end":{"line":322,"column":51}},"322":{"start":{"line":323,"column":0},"end":{"line":323,"column":36}},"323":{"start":{"line":324,"column":0},"end":{"line":324,"column":8}},"324":{"start":{"line":325,"column":0},"end":{"line":325,"column":53}},"325":{"start":{"line":326,"column":0},"end":{"line":326,"column":40}},"326":{"start":{"line":327,"column":0},"end":{"line":327,"column":53}},"327":{"start":{"line":328,"column":0},"end":{"line":328,"column":34}},"328":{"start":{"line":329,"column":0},"end":{"line":329,"column":53}},"329":{"start":{"line":330,"column":0},"end":{"line":330,"column":63}},"330":{"start":{"line":331,"column":0},"end":{"line":331,"column":34}},"331":{"start":{"line":332,"column":0},"end":{"line":332,"column":34}},"332":{"start":{"line":333,"column":0},"end":{"line":333,"column":0}},"333":{"start":{"line":334,"column":0},"end":{"line":334,"column":52}},"334":{"start":{"line":335,"column":0},"end":{"line":335,"column":39}},"335":{"start":{"line":336,"column":0},"end":{"line":336,"column":54}},"336":{"start":{"line":337,"column":0},"end":{"line":337,"column":43}},"337":{"start":{"line":338,"column":0},"end":{"line":338,"column":56}},"338":{"start":{"line":339,"column":0},"end":{"line":339,"column":35}},"339":{"start":{"line":340,"column":0},"end":{"line":340,"column":0}},"340":{"start":{"line":341,"column":0},"end":{"line":341,"column":33}},"341":{"start":{"line":342,"column":0},"end":{"line":342,"column":32}},"342":{"start":{"line":343,"column":0},"end":{"line":343,"column":33}},"343":{"start":{"line":344,"column":0},"end":{"line":344,"column":9}},"344":{"start":{"line":345,"column":0},"end":{"line":345,"column":0}},"345":{"start":{"line":346,"column":0},"end":{"line":346,"column":33}},"346":{"start":{"line":347,"column":0},"end":{"line":347,"column":43}},"347":{"start":{"line":348,"column":0},"end":{"line":348,"column":51}},"348":{"start":{"line":349,"column":0},"end":{"line":349,"column":40}},"349":{"start":{"line":350,"column":0},"end":{"line":350,"column":48}},"350":{"start":{"line":351,"column":0},"end":{"line":351,"column":49}},"351":{"start":{"line":352,"column":0},"end":{"line":352,"column":46}},"352":{"start":{"line":353,"column":0},"end":{"line":353,"column":31}},"353":{"start":{"line":354,"column":0},"end":{"line":354,"column":8}},"354":{"start":{"line":355,"column":0},"end":{"line":355,"column":29}},"355":{"start":{"line":356,"column":0},"end":{"line":356,"column":28}},"356":{"start":{"line":357,"column":0},"end":{"line":357,"column":36}},"357":{"start":{"line":358,"column":0},"end":{"line":358,"column":9}},"358":{"start":{"line":359,"column":0},"end":{"line":359,"column":0}},"359":{"start":{"line":360,"column":0},"end":{"line":360,"column":24}},"360":{"start":{"line":361,"column":0},"end":{"line":361,"column":62}},"361":{"start":{"line":362,"column":0},"end":{"line":362,"column":61}},"362":{"start":{"line":363,"column":0},"end":{"line":363,"column":6}},"363":{"start":{"line":364,"column":0},"end":{"line":364,"column":48}},"364":{"start":{"line":365,"column":0},"end":{"line":365,"column":50}},"365":{"start":{"line":366,"column":0},"end":{"line":366,"column":58}},"366":{"start":{"line":367,"column":0},"end":{"line":367,"column":61}},"367":{"start":{"line":368,"column":0},"end":{"line":368,"column":0}},"368":{"start":{"line":369,"column":0},"end":{"line":369,"column":9}},"369":{"start":{"line":370,"column":0},"end":{"line":370,"column":67}},"370":{"start":{"line":371,"column":0},"end":{"line":371,"column":55}},"371":{"start":{"line":372,"column":0},"end":{"line":372,"column":9}},"372":{"start":{"line":373,"column":0},"end":{"line":373,"column":55}},"373":{"start":{"line":374,"column":0},"end":{"line":374,"column":53}},"374":{"start":{"line":375,"column":0},"end":{"line":375,"column":35}},"375":{"start":{"line":376,"column":0},"end":{"line":376,"column":14}},"376":{"start":{"line":377,"column":0},"end":{"line":377,"column":60}},"377":{"start":{"line":378,"column":0},"end":{"line":378,"column":35}},"378":{"start":{"line":379,"column":0},"end":{"line":379,"column":31}},"379":{"start":{"line":380,"column":0},"end":{"line":380,"column":41}},"380":{"start":{"line":381,"column":0},"end":{"line":381,"column":31}},"381":{"start":{"line":382,"column":0},"end":{"line":382,"column":65}},"382":{"start":{"line":383,"column":0},"end":{"line":383,"column":39}},"383":{"start":{"line":384,"column":0},"end":{"line":384,"column":31}},"384":{"start":{"line":385,"column":0},"end":{"line":385,"column":39}},"385":{"start":{"line":386,"column":0},"end":{"line":386,"column":31}},"386":{"start":{"line":387,"column":0},"end":{"line":387,"column":28}},"387":{"start":{"line":388,"column":0},"end":{"line":388,"column":46}},"388":{"start":{"line":389,"column":0},"end":{"line":389,"column":58}},"389":{"start":{"line":390,"column":0},"end":{"line":390,"column":58}},"390":{"start":{"line":391,"column":0},"end":{"line":391,"column":44}},"391":{"start":{"line":392,"column":0},"end":{"line":392,"column":46}},"392":{"start":{"line":393,"column":0},"end":{"line":393,"column":14}},"393":{"start":{"line":394,"column":0},"end":{"line":394,"column":44}},"394":{"start":{"line":395,"column":0},"end":{"line":395,"column":24}},"395":{"start":{"line":396,"column":0},"end":{"line":396,"column":56}},"396":{"start":{"line":397,"column":0},"end":{"line":397,"column":20}},"397":{"start":{"line":398,"column":0},"end":{"line":398,"column":50}},"398":{"start":{"line":399,"column":0},"end":{"line":399,"column":38}},"399":{"start":{"line":400,"column":0},"end":{"line":400,"column":10}},"400":{"start":{"line":401,"column":0},"end":{"line":401,"column":9}},"401":{"start":{"line":402,"column":0},"end":{"line":402,"column":0}},"402":{"start":{"line":403,"column":0},"end":{"line":403,"column":9}},"403":{"start":{"line":404,"column":0},"end":{"line":404,"column":76}},"404":{"start":{"line":405,"column":0},"end":{"line":405,"column":9}},"405":{"start":{"line":406,"column":0},"end":{"line":406,"column":56}},"406":{"start":{"line":407,"column":0},"end":{"line":407,"column":49}},"407":{"start":{"line":408,"column":0},"end":{"line":408,"column":36}},"408":{"start":{"line":409,"column":0},"end":{"line":409,"column":67}},"409":{"start":{"line":410,"column":0},"end":{"line":410,"column":14}},"410":{"start":{"line":411,"column":0},"end":{"line":411,"column":72}},"411":{"start":{"line":412,"column":0},"end":{"line":412,"column":100}},"412":{"start":{"line":413,"column":0},"end":{"line":413,"column":45}},"413":{"start":{"line":414,"column":0},"end":{"line":414,"column":18}},"414":{"start":{"line":415,"column":0},"end":{"line":415,"column":73}},"415":{"start":{"line":416,"column":0},"end":{"line":416,"column":59}},"416":{"start":{"line":417,"column":0},"end":{"line":417,"column":52}},"417":{"start":{"line":418,"column":0},"end":{"line":418,"column":82}},"418":{"start":{"line":419,"column":0},"end":{"line":419,"column":27}},"419":{"start":{"line":420,"column":0},"end":{"line":420,"column":59}},"420":{"start":{"line":421,"column":0},"end":{"line":421,"column":53}},"421":{"start":{"line":422,"column":0},"end":{"line":422,"column":14}},"422":{"start":{"line":423,"column":0},"end":{"line":423,"column":14}},"423":{"start":{"line":424,"column":0},"end":{"line":424,"column":22}},"424":{"start":{"line":425,"column":0},"end":{"line":425,"column":51}},"425":{"start":{"line":426,"column":0},"end":{"line":426,"column":20}},"426":{"start":{"line":427,"column":0},"end":{"line":427,"column":39}},"427":{"start":{"line":428,"column":0},"end":{"line":428,"column":10}},"428":{"start":{"line":429,"column":0},"end":{"line":429,"column":9}},"429":{"start":{"line":430,"column":0},"end":{"line":430,"column":0}},"430":{"start":{"line":431,"column":0},"end":{"line":431,"column":24}},"431":{"start":{"line":432,"column":0},"end":{"line":432,"column":67}},"432":{"start":{"line":433,"column":0},"end":{"line":433,"column":59}},"433":{"start":{"line":434,"column":0},"end":{"line":434,"column":11}},"434":{"start":{"line":435,"column":0},"end":{"line":435,"column":29}},"435":{"start":{"line":436,"column":0},"end":{"line":436,"column":14}},"436":{"start":{"line":437,"column":0},"end":{"line":437,"column":5}},"437":{"start":{"line":438,"column":0},"end":{"line":438,"column":3}}},"s":{"0":0,"1":0,"2":0,"3":0,"4":0,"5":0,"6":0,"7":0,"8":0,"9":0,"10":0,"11":0,"12":0,"13":0,"14":0,"15":0,"16":0,"17":0,"18":0,"19":0,"20":0,"21":0,"22":0,"23":0,"24":0,"25":0,"26":0,"27":0,"28":0,"29":0,"30":0,"31":0,"32":0,"33":0,"34":0,"35":0,"36":0,"37":0,"38":0,"39":0,"40":0,"41":0,"42":0,"43":0,"44":0,"45":0,"46":0,"47":0,"48":0,"49":0,"50":0,"51":0,"52":0,"53":0,"54":0,"55":0,"56":0,"57":0,"58":0,"59":0,"60":0,"61":0,"62":0,"63":0,"64":0,"65":0,"66":0,"67":0,"68":0,"69":0,"70":0,"71":0,"72":0,"73":0,"74":0,"75":0,"76":0,"77":0,"78":0,"79":0,"80":0,"81":0,"82":0,"83":0,"84":0,"85":0,"86":0,"87":0,"88":0,"89":0,"90":0,"91":0,"92":0,"93":0,"94":0,"95":0,"96":0,"97":0,"98":0,"99":0,"100":0,"101":0,"102":0,"103":0,"104":0,"105":0,"106":0,"107":0,"108":0,"109":0,"110":0,"111":0,"112":0,"113":0,"114":0,"115":0,"116":0,"117":0,"118":0,"119":0,"120":0,"121":0,"122":0,"123":0,"124":0,"125":0,"126":0,"127":0,"128":0,"129":0,"130":0,"131":0,"132":0,"133":0,"134":0,"135":0,"136":0,"137":0,"138":0,"139":0,"140":0,"141":0,"142":0,"143":0,"144":0,"145":0,"146":0,"147":0,"148":0,"149":0,"150":0,"151":0,"152":0,"153":0,"154":0,"155":0,"156":0,"157":0,"158":0,"159":0,"160":0,"161":0,"162":0,"163":0,"164":0,"165":0,"166":0,"167":0,"168":0,"169":0,"170":0,"171":0,"172":0,"173":0,"174":0,"175":0,"176":0,"177":0,"178":0,"179":0,"180":0,"181":0,"182":0,"183":0,"184":0,"185":0,"186":0,"187":0,"188":0,"189":0,"190":0,"191":0,"192":0,"193":0,"194":0,"195":0,"196":0,"197":0,"198":0,"199":0,"200":0,"201":0,"202":0,"203":0,"204":0,"205":0,"206":0,"207":0,"208":0,"209":0,"210":0,"211":0,"212":0,"213":0,"214":0,"215":0,"216":0,"217":0,"218":0,"219":0,"220":0,"221":0,"222":0,"223":0,"224":0,"225":0,"226":0,"227":0,"228":0,"229":0,"230":0,"231":0,"232":0,"233":0,"234":0,"235":0,"236":0,"237":0,"238":0,"239":0,"240":0,"241":0,"242":0,"243":0,"244":0,"245":0,"246":0,"247":0,"248":0,"249":0,"250":0,"251":0,"252":0,"253":0,"254":0,"255":0,"256":0,"257":0,"258":0,"259":0,"260":0,"261":0,"262":0,"263":0,"264":0,"265":0,"266":0,"267":0,"268":0,"269":0,"270":0,"271":0,"272":0,"273":0,"274":0,"275":0,"276":0,"277":0,"278":0,"279":0,"280":0,"281":0,"282":0,"283":0,"284":0,"285":0,"286":0,"287":0,"288":0,"289":0,"290":0,"291":0,"292":0,"293":0,"294":0,"295":0,"296":0,"297":0,"298":0,"299":0,"300":0,"301":0,"302":0,"303":0,"304":0,"305":0,"306":0,"307":0,"308":0,"309":0,"310":0,"311":0,"312":0,"313":0,"314":0,"315":0,"316":0,"317":0,"318":0,"319":0,"320":0,"321":0,"322":0,"323":0,"324":0,"325":0,"326":0,"327":0,"328":0,"329":0,"330":0,"331":0,"332":0,"333":0,"334":0,"335":0,"336":0,"337":0,"338":0,"339":0,"340":0,"341":0,"342":0,"343":0,"344":0,"345":0,"346":0,"347":0,"348":0,"349":0,"350":0,"351":0,"352":0,"353":0,"354":0,"355":0,"356":0,"357":0,"358":0,"359":0,"360":0,"361":0,"362":0,"363":0,"364":0,"365":0,"366":0,"367":0,"368":0,"369":0,"370":0,"371":0,"372":0,"373":0,"374":0,"375":0,"376":0,"377":0,"378":0,"379":0,"380":0,"381":0,"382":0,"383":0,"384":0,"385":0,"386":0,"387":0,"388":0,"389":0,"390":0,"391":0,"392":0,"393":0,"394":0,"395":0,"396":0,"397":0,"398":0,"399":0,"400":0,"401":0,"402":0,"403":0,"404":0,"405":0,"406":0,"407":0,"408":0,"409":0,"410":0,"411":0,"412":0,"413":0,"414":0,"415":0,"416":0,"417":0,"418":0,"419":0,"420":0,"421":0,"422":0,"423":0,"424":0,"425":0,"426":0,"427":0,"428":0,"429":0,"430":0,"431":0,"432":0,"433":0,"434":0,"435":0,"436":0,"437":0},"branchMap":{"0":{"type":"branch","line":1,"loc":{"start":{"line":1,"column":0},"end":{"line":438,"column":-604}},"locations":[{"start":{"line":1,"column":0},"end":{"line":438,"column":-604}}]}},"b":{"0":[0]},"fnMap":{"0":{"name":"(empty-report)","decl":{"start":{"line":1,"column":0},"end":{"line":438,"column":-604}},"loc":{"start":{"line":1,"column":0},"end":{"line":438,"column":-604}},"line":1}},"f":{"0":0}}
[...]
,"C:\\Users\\manas\\.antigravity\\my project ant 1\\pathwise-ai\\src\\radar.js": {"path":"C:\\Users\\manas\\.antigravity\\my project ant 1\\pathwise-ai\\src\\radar.js","all":true,"statementMap":{"0":{"start":{"line":1,"column":0},"end":{"line":1,"column":3}},"1":{"start":{"line":2,"column":0},"end":{"line":2,"column":17}},"2":{"start":{"line":3,"column":0},"end":{"line":3,"column":84}},"3":{"start":{"line":4,"column":0},"end":{"line":4,"column":88}},"4":{"start":{"line":5,"column":0},"end":{"line":5,"column":3}},"5":{"start":{"line":6,"column":0},"end":{"line":6,"column":0}},"6":{"start":{"line":7,"column":0},"end":{"line":7,"column":3}},"7":{"start":{"line":8,"column":0},"end":{"line":8,"column":74}},"8":{"start":{"line":9,"column":0},"end":{"line":9,"column":91}},"9":{"start":{"line":10,"column":0},"end":{"line":10,"column":65}},"10":{"start":{"line":11,"column":0},"end":{"line":11,"column":114}},"11":{"start":{"line":12,"column":0},"end":{"line":12,"column":103}},"12":{"start":{"line":13,"column":0},"end":{"line":13,"column":18}},"13":{"start":{"line":14,"column":0},"end":{"line":14,"column":3}},"14":{"start":{"line":15,"column":0},"end":{"line":15,"column":38}},"15":{"start":{"line":16,"column":0},"end":{"line":16,"column":56}},"16":{"start":{"line":17,"column":0},"end":{"line":17,"column":22}},"17":{"start":{"line":18,"column":0},"end":{"line":18,"column":0}},"18":{"start":{"line":19,"column":0},"end":{"line":19,"column":38}},"19":{"start":{"line":20,"column":0},"end":{"line":20,"column":19}},"20":{"start":{"line":21,"column":0},"end":{"line":21,"column":0}},"21":{"start":{"line":22,"column":0},"end":{"line":22,"column":38}},"22":{"start":{"line":23,"column":0},"end":{"line":23,"column":43}},"23":{"start":{"line":24,"column":0},"end":{"line":24,"column":19}},"24":{"start":{"line":25,"column":0},"end":{"line":25,"column":28}},"25":{"start":{"line":26,"column":0},"end":{"line":26,"column":29}},"26":{"start":{"line":27,"column":0},"end":{"line":27,"column":35}},"27":{"start":{"line":28,"column":0},"end":{"line":28,"column":36}},"28":{"start":{"line":29,"column":0},"end":{"line":29,"column":22}},"29":{"start":{"line":30,"column":0},"end":{"line":30,"column":0}},"30":{"start":{"line":31,"column":0},"end":{"line":31,"column":79}},"31":{"start":{"line":32,"column":0},"end":{"line":32,"column":53}},"32":{"start":{"line":33,"column":0},"end":{"line":33,"column":0}},"33":{"start":{"line":34,"column":0},"end":{"line":34,"column":5}},"34":{"start":{"line":35,"column":0},"end":{"line":35,"column":72}},"35":{"start":{"line":36,"column":0},"end":{"line":36,"column":56}},"36":{"start":{"line":37,"column":0},"end":{"line":37,"column":21}},"37":{"start":{"line":38,"column":0},"end":{"line":38,"column":5}},"38":{"start":{"line":39,"column":0},"end":{"line":39,"column":44}},"39":{"start":{"line":40,"column":0},"end":{"line":40,"column":0}},"40":{"start":{"line":41,"column":0},"end":{"line":41,"column":5}},"41":{"start":{"line":42,"column":0},"end":{"line":42,"column":77}},"42":{"start":{"line":43,"column":0},"end":{"line":43,"column":83}},"43":{"start":{"line":44,"column":0},"end":{"line":44,"column":82}},"44":{"start":{"line":45,"column":0},"end":{"line":45,"column":21}},"45":{"start":{"line":46,"column":0},"end":{"line":46,"column":5}},"46":{"start":{"line":47,"column":0},"end":{"line":47,"column":82}},"47":{"start":{"line":48,"column":0},"end":{"line":48,"column":0}},"48":{"start":{"line":49,"column":0},"end":{"line":49,"column":23}},"49":{"start":{"line":50,"column":0},"end":{"line":50,"column":0}},"50":{"start":{"line":51,"column":0},"end":{"line":51,"column":5}},"51":{"start":{"line":52,"column":0},"end":{"line":52,"column":76}},"52":{"start":{"line":53,"column":0},"end":{"line":53,"column":63}},"53":{"start":{"line":54,"column":0},"end":{"line":54,"column":5}},"54":{"start":{"line":55,"column":0},"end":{"line":55,"column":32}},"55":{"start":{"line":56,"column":0},"end":{"line":56,"column":36}},"56":{"start":{"line":57,"column":0},"end":{"line":57,"column":0}},"57":{"start":{"line":58,"column":0},"end":{"line":58,"column":29}},"58":{"start":{"line":59,"column":0},"end":{"line":59,"column":29}},"59":{"start":{"line":60,"column":0},"end":{"line":60,"column":33}},"60":{"start":{"line":61,"column":0},"end":{"line":61,"column":32}},"61":{"start":{"line":62,"column":0},"end":{"line":62,"column":44}},"62":{"start":{"line":63,"column":0},"end":{"line":63,"column":0}},"63":{"start":{"line":64,"column":0},"end":{"line":64,"column":32}},"64":{"start":{"line":65,"column":0},"end":{"line":65,"column":47}},"65":{"start":{"line":66,"column":0},"end":{"line":66,"column":22}},"66":{"start":{"line":67,"column":0},"end":{"line":67,"column":46}},"67":{"start":{"line":68,"column":0},"end":{"line":68,"column":37}},"68":{"start":{"line":69,"column":0},"end":{"line":69,"column":22}},"69":{"start":{"line":70,"column":0},"end":{"line":70,"column":39}},"70":{"start":{"line":71,"column":0},"end":{"line":71,"column":70}},"71":{"start":{"line":72,"column":0},"end":{"line":72,"column":70}},"72":{"start":{"line":73,"column":0},"end":{"line":73,"column":38}},"73":{"start":{"line":74,"column":0},"end":{"line":74,"column":30}},"74":{"start":{"line":75,"column":0},"end":{"line":75,"column":7}},"75":{"start":{"line":76,"column":0},"end":{"line":76,"column":22}},"76":{"start":{"line":77,"column":0},"end":{"line":77,"column":19}},"77":{"start":{"line":78,"column":0},"end":{"line":78,"column":5}},"78":{"start":{"line":79,"column":0},"end":{"line":79,"column":0}},"79":{"start":{"line":80,"column":0},"end":{"line":80,"column":49}},"80":{"start":{"line":81,"column":0},"end":{"line":81,"column":47}},"81":{"start":{"line":82,"column":0},"end":{"line":82,"column":37}},"82":{"start":{"line":83,"column":0},"end":{"line":83,"column":22}},"83":{"start":{"line":84,"column":0},"end":{"line":84,"column":35}},"84":{"start":{"line":85,"column":0},"end":{"line":85,"column":17}},"85":{"start":{"line":86,"column":0},"end":{"line":86,"column":65}},"86":{"start":{"line":87,"column":0},"end":{"line":87,"column":64}},"87":{"start":{"line":88,"column":0},"end":{"line":88,"column":8}},"88":{"start":{"line":89,"column":0},"end":{"line":89,"column":19}},"89":{"start":{"line":90,"column":0},"end":{"line":90,"column":5}},"90":{"start":{"line":91,"column":0},"end":{"line":91,"column":0}},"91":{"start":{"line":92,"column":0},"end":{"line":92,"column":18}},"92":{"start":{"line":93,"column":0},"end":{"line":93,"column":48}},"93":{"start":{"line":94,"column":0},"end":{"line":94,"column":54}},"94":{"start":{"line":95,"column":0},"end":{"line":95,"column":29}},"95":{"start":{"line":96,"column":0},"end":{"line":96,"column":32}},"96":{"start":{"line":97,"column":0},"end":{"line":97,"column":34}},"97":{"start":{"line":98,"column":0},"end":{"line":98,"column":80}},"98":{"start":{"line":99,"column":0},"end":{"line":99,"column":80}},"99":{"start":{"line":100,"column":0},"end":{"line":100,"column":82}},"100":{"start":{"line":101,"column":0},"end":{"line":101,"column":37}},"101":{"start":{"line":102,"column":0},"end":{"line":102,"column":7}},"102":{"start":{"line":103,"column":0},"end":{"line":103,"column":0}},"103":{"start":{"line":104,"column":0},"end":{"line":104,"column":45}},"104":{"start":{"line":105,"column":0},"end":{"line":105,"column":55}},"105":{"start":{"line":106,"column":0},"end":{"line":106,"column":0}},"106":{"start":{"line":107,"column":0},"end":{"line":107,"column":53}},"107":{"start":{"line":108,"column":0},"end":{"line":108,"column":20}},"108":{"start":{"line":109,"column":0},"end":{"line":109,"column":46}},"109":{"start":{"line":110,"column":0},"end":{"line":110,"column":32}},"110":{"start":{"line":111,"column":0},"end":{"line":111,"column":32}},"111":{"start":{"line":112,"column":0},"end":{"line":112,"column":48}},"112":{"start":{"line":113,"column":0},"end":{"line":113,"column":6}},"113":{"start":{"line":114,"column":0},"end":{"line":114,"column":0}},"114":{"start":{"line":115,"column":0},"end":{"line":115,"column":60}},"115":{"start":{"line":116,"column":0},"end":{"line":116,"column":20}},"116":{"start":{"line":117,"column":0},"end":{"line":117,"column":45}},"117":{"start":{"line":118,"column":0},"end":{"line":118,"column":32}},"118":{"start":{"line":119,"column":0},"end":{"line":119,"column":29}},"119":{"start":{"line":120,"column":0},"end":{"line":120,"column":48}},"120":{"start":{"line":121,"column":0},"end":{"line":121,"column":6}},"121":{"start":{"line":122,"column":0},"end":{"line":122,"column":3}},"122":{"start":{"line":123,"column":0},"end":{"line":123,"column":0}},"123":{"start":{"line":124,"column":0},"end":{"line":124,"column":5}},"124":{"start":{"line":125,"column":0},"end":{"line":125,"column":62}},"125":{"start":{"line":126,"column":0},"end":{"line":126,"column":75}},"126":{"start":{"line":127,"column":0},"end":{"line":127,"column":55}},"127":{"start":{"line":128,"column":0},"end":{"line":128,"column":59}},"128":{"start":{"line":129,"column":0},"end":{"line":129,"column":42}},"129":{"start":{"line":130,"column":0},"end":{"line":130,"column":42}},"130":{"start":{"line":131,"column":0},"end":{"line":131,"column":38}},"131":{"start":{"line":132,"column":0},"end":{"line":132,"column":56}},"132":{"start":{"line":133,"column":0},"end":{"line":133,"column":50}},"133":{"start":{"line":134,"column":0},"end":{"line":134,"column":5}},"134":{"start":{"line":135,"column":0},"end":{"line":135,"column":87}},"135":{"start":{"line":136,"column":0},"end":{"line":136,"column":20}},"136":{"start":{"line":137,"column":0},"end":{"line":137,"column":35}},"137":{"start":{"line":138,"column":0},"end":{"line":138,"column":33}},"138":{"start":{"line":139,"column":0},"end":{"line":139,"column":59}},"139":{"start":{"line":140,"column":0},"end":{"line":140,"column":59}},"140":{"start":{"line":141,"column":0},"end":{"line":141,"column":36}},"141":{"start":{"line":142,"column":0},"end":{"line":142,"column":28}},"142":{"start":{"line":143,"column":0},"end":{"line":143,"column":7}},"143":{"start":{"line":144,"column":0},"end":{"line":144,"column":20}},"144":{"start":{"line":145,"column":0},"end":{"line":145,"column":30}},"145":{"start":{"line":146,"column":0},"end":{"line":146,"column":15}},"146":{"start":{"line":147,"column":0},"end":{"line":147,"column":22}},"147":{"start":{"line":148,"column":0},"end":{"line":148,"column":34}},"148":{"start":{"line":149,"column":0},"end":{"line":149,"column":17}},"149":{"start":{"line":150,"column":0},"end":{"line":150,"column":3}},"150":{"start":{"line":151,"column":0},"end":{"line":151,"column":0}},"151":{"start":{"line":152,"column":0},"end":{"line":152,"column":5}},"152":{"start":{"line":153,"column":0},"end":{"line":153,"column":52}},"153":{"start":{"line":154,"column":0},"end":{"line":154,"column":5}},"154":{"start":{"line":155,"column":0},"end":{"line":155,"column":22}},"155":{"start":{"line":156,"column":0},"end":{"line":156,"column":25}},"156":{"start":{"line":157,"column":0},"end":{"line":157,"column":43}},"157":{"start":{"line":158,"column":0},"end":{"line":158,"column":28}},"158":{"start":{"line":159,"column":0},"end":{"line":159,"column":57}},"159":{"start":{"line":160,"column":0},"end":{"line":160,"column":3}},"160":{"start":{"line":161,"column":0},"end":{"line":161,"column":0}},"161":{"start":{"line":162,"column":0},"end":{"line":162,"column":12}},"162":{"start":{"line":163,"column":0},"end":{"line":163,"column":1}},"163":{"start":{"line":164,"column":0},"end":{"line":164,"column":0}},"164":{"start":{"line":165,"column":0},"end":{"line":165,"column":3}},"165":{"start":{"line":166,"column":0},"end":{"line":166,"column":52}},"166":{"start":{"line":167,"column":0},"end":{"line":167,"column":53}},"167":{"start":{"line":168,"column":0},"end":{"line":168,"column":3}},"168":{"start":{"line":169,"column":0},"end":{"line":169,"column":40}},"169":{"start":{"line":170,"column":0},"end":{"line":170,"column":23}},"170":{"start":{"line":171,"column":0},"end":{"line":171,"column":1}}},"s":{"0":0,"1":0,"2":0,"3":0,"4":0,"5":0,"6":0,"7":0,"8":0,"9":0,"10":0,"11":0,"12":0,"13":0,"14":0,"15":0,"16":0,"17":0,"18":0,"19":0,"20":0,"21":0,"22":0,"23":0,"24":0,"25":0,"26":0,"27":0,"28":0,"29":0,"30":0,"31":0,"32":0,"33":0,"34":0,"35":0,"36":0,"37":0,"38":0,"39":0,"40":0,"41":0,"42":0,"43":0,"44":0,"45":0,"46":0,"47":0,"48":0,"49":0,"50":0,"51":0,"52":0,"53":0,"54":0,"55":0,"56":0,"57":0,"58":0,"59":0,"60":0,"61":0,"62":0,"63":0,"64":0,"65":0,"66":0,"67":0,"68":0,"69":0,"70":0,"71":0,"72":0,"73":0,"74":0,"75":0,"76":0,"77":0,"78":0,"79":0,"80":0,"81":0,"82":0,"83":0,"84":0,"85":0,"86":0,"87":0,"88":0,"89":0,"90":0,"91":0,"92":0,"93":0,"94":0,"95":0,"96":0,"97":0,"98":0,"99":0,"100":0,"101":0,"102":0,"103":0,"104":0,"105":0,"106":0,"107":0,"108":0,"109":0,"110":0,"111":0,"112":0,"113":0,"114":0,"115":0,"116":0,"117":0,"118":0,"119":0,"120":0,"121":0,"122":0,"123":0,"124":0,"125":0,"126":0,"127":0,"128":0,"129":0,"130":0,"131":0,"132":0,"133":0,"134":0,"135":0,"136":0,"137":0,"138":0,"139":0,"140":0,"141":0,"142":0,"143":0,"144":0,"145":0,"146":0,"147":0,"148":0,"149":0,"150":0,"151":0,"152":0,"153":0,"154":0,"155":0,"156":0,"157":0,"158":0,"159":0,"160":0,"161":0,"162":0,"163":0,"164":0,"165":0,"166":0,"167":0,"168":0,"169":0,"170":0},"branchMap":{"0":{"type":"branch","line":1,"loc":{"start":{"line":1,"column":0},"end":{"line":171,"column":-125}},"locations":[{"start":{"line":1,"column":0},"end":{"line":171,"column":-125}}]}},"b":{"0":[0]},"fnMap":{"0":{"name":"(empty-report)","decl":{"start":{"line":1,"column":0},"end":{"line":171,"column":-125}},"loc":{"start":{"line":1,"column":0},"end":{"line":171,"column":-125}},"line":1}},"f":{"0":0}}
,"C:\\Users\\manas\\.antigravity\\my project ant 1\\pathwise-ai\\src\\utils.js": {"path":"C:\\Users\\manas\\.antigravity\\my project ant 1\\pathwise-ai\\src\\utils.js","all":false,"statementMap":{"0":{"start":{"line":1,"column":0},"end":{"line":1,"column":3}},"1":{"start":{"line":2,"column":0},"end":{"line":2,"column":17}},"2":{"start":{"line":3,"column":0},"end":{"line":3,"column":55}},"3":{"start":{"line":4,"column":0},"end":{"line":4,"column":61}},"4":{"start":{"line":5,"column":0},"end":{"line":5,"column":65}},"5":{"start":{"line":6,"column":0},"end":{"line":6,"column":3}},"6":{"start":{"line":7,"column":0},"end":{"line":7,"column":0}},"7":{"start":{"line":8,"column":0},"end":{"line":8,"column":3}},"8":{"start":{"line":9,"column":0},"end":{"line":9,"column":72}},"9":{"start":{"line":10,"column":0},"end":{"line":10,"column":78}},"10":{"start":{"line":11,"column":0},"end":{"line":11,"column":49}},"11":{"start":{"line":12,"column":0},"end":{"line":12,"column":49}},"12":{"start":{"line":13,"column":0},"end":{"line":13,"column":3}},"13":{"start":{"line":14,"column":0},"end":{"line":14,"column":38}},"14":{"start":{"line":15,"column":0},"end":{"line":15,"column":43}},"15":{"start":{"line":16,"column":0},"end":{"line":16,"column":67}},"16":{"start":{"line":17,"column":0},"end":{"line":17,"column":1}},"17":{"start":{"line":18,"column":0},"end":{"line":18,"column":0}},"18":{"start":{"line":19,"column":0},"end":{"line":19,"column":3}},"19":{"start":{"line":20,"column":0},"end":{"line":20,"column":81}},"20":{"start":{"line":21,"column":0},"end":{"line":21,"column":75}},"21":{"start":{"line":22,"column":0},"end":{"line":22,"column":50}},"22":{"start":{"line":23,"column":0},"end":{"line":23,"column":49}},"23":{"start":{"line":24,"column":0},"end":{"line":24,"column":59}},"24":{"start":{"line":25,"column":0},"end":{"line":25,"column":67}},"25":{"start":{"line":26,"column":0},"end":{"line":26,"column":57}},"26":{"start":{"line":27,"column":0},"end":{"line":27,"column":54}},"27":{"start":{"line":28,"column":0},"end":{"line":28,"column":3}},"28":{"start":{"line":29,"column":0},"end":{"line":29,"column":51}},"29":{"start":{"line":30,"column":0},"end":{"line":30,"column":48}},"30":{"start":{"line":31,"column":0},"end":{"line":31,"column":15}},"31":{"start":{"line":32,"column":0},"end":{"line":32,"column":23}},"32":{"start":{"line":33,"column":0},"end":{"line":33,"column":23}},"33":{"start":{"line":34,"column":0},"end":{"line":34,"column":25}},"34":{"start":{"line":35,"column":0},"end":{"line":35,"column":27}},"35":{"start":{"line":36,"column":0},"end":{"line":36,"column":0}},"36":{"start":{"line":37,"column":0},"end":{"line":37,"column":67}},"37":{"start":{"line":38,"column":0},"end":{"line":38,"column":80}},"38":{"start":{"line":39,"column":0},"end":{"line":39,"column":3}},"39":{"start":{"line":40,"column":0},"end":{"line":40,"column":22}},"40":{"start":{"line":41,"column":0},"end":{"line":41,"column":40}},"41":{"start":{"line":42,"column":0},"end":{"line":42,"column":57}},"42":{"start":{"line":43,"column":0},"end":{"line":43,"column":60}},"43":{"start":{"line":44,"column":0},"end":{"line":44,"column":13}},"44":{"start":{"line":45,"column":0},"end":{"line":45,"column":75}},"45":{"start":{"line":46,"column":0},"end":{"line":46,"column":6}},"46":{"start":{"line":47,"column":0},"end":{"line":47,"column":16}},"47":{"start":{"line":48,"column":0},"end":{"line":48,"column":51}},"48":{"start":{"line":49,"column":0},"end":{"line":49,"column":5}},"49":{"start":{"line":50,"column":0},"end":{"line":50,"column":5}},"50":{"start":{"line":51,"column":0},"end":{"line":51,"column":1}},"51":{"start":{"line":52,"column":0},"end":{"line":52,"column":0}},"52":{"start":{"line":53,"column":0},"end":{"line":53,"column":3}},"53":{"start":{"line":54,"column":0},"end":{"line":54,"column":75}},"54":{"start":{"line":55,"column":0},"end":{"line":55,"column":50}},"55":{"start":{"line":56,"column":0},"end":{"line":56,"column":48}},"56":{"start":{"line":57,"column":0},"end":{"line":57,"column":3}},"57":{"start":{"line":58,"column":0},"end":{"line":58,"column":32}},"58":{"start":{"line":59,"column":0},"end":{"line":59,"column":53}},"59":{"start":{"line":60,"column":0},"end":{"line":60,"column":51}},"60":{"start":{"line":61,"column":0},"end":{"line":61,"column":5}},"61":{"start":{"line":62,"column":0},"end":{"line":62,"column":1}}},"s":{"0":1,"1":1,"2":1,"3":1,"4":1,"5":1,"6":1,"7":1,"8":1,"9":1,"10":1,"11":1,"12":1,"13":1,"14":7,"15":5,"16":5,"17":1,"18":1,"19":1,"20":1,"21":1,"22":1,"23":1,"24":1,"25":1,"26":1,"27":1,"28":1,"29":4,"30":4,"31":4,"32":4,"33":4,"34":4,"35":4,"36":4,"37":4,"38":4,"39":4,"40":4,"41":4,"42":4,"43":4,"44":4,"45":4,"46":4,"47":4,"48":4,"49":4,"50":4,"51":1,"52":1,"53":1,"54":1,"55":1,"56":1,"57":1,"58":2,"59":2,"60":2,"61":2},"branchMap":{"0":{"type":"branch","line":14,"loc":{"start":{"line":14,"column":7},"end":{"line":17,"column":1}},"locations":[{"start":{"line":14,"column":7},"end":{"line":17,"column":1}}]},"1":{"type":"branch","line":15,"loc":{"start":{"line":15,"column":33},"end":{"line":15,"column":43}},"locations":[{"start":{"line":15,"column":33},"end":{"line":15,"column":43}}]},"2":{"type":"branch","line":15,"loc":{"start":{"line":15,"column":42},"end":{"line":17,"column":1}},"locations":[{"start":{"line":15,"column":42},"end":{"line":17,"column":1}}]},"3":{"type":"branch","line":29,"loc":{"start":{"line":29,"column":7},"end":{"line":51,"column":1}},"locations":[{"start":{"line":29,"column":7},"end":{"line":51,"column":1}}]},"4":{"type":"branch","line":58,"loc":{"start":{"line":58,"column":7},"end":{"line":62,"column":1}},"locations":[{"start":{"line":58,"column":7},"end":{"line":62,"column":1}}]}},"b":{"0":[7],"1":[2],"2":[5],"3":[4],"4":[2]},"fnMap":{"0":{"name":"sanitizeInput","decl":{"start":{"line":14,"column":7},"end":{"line":17,"column":1}},"loc":{"start":{"line":14,"column":7},"end":{"line":17,"column":1}},"line":14},"1":{"name":"buildGeminiPrompt","decl":{"start":{"line":29,"column":7},"end":{"line":51,"column":1}},"loc":{"start":{"line":29,"column":7},"end":{"line":51,"column":1}},"line":29},"2":{"name":"formatDate","decl":{"start":{"line":58,"column":7},"end":{"line":62,"column":1}},"loc":{"start":{"line":58,"column":7},"end":{"line":62,"column":1}},"line":58}},"f":{"0":7,"1":4,"2":2}}
}
